#
# A fatal error has been detected by the Java Runtime Environment:
#
#  SIGSEGV (0xb) at pc=0x00007f302424b47e, pid=1916103, tid=1916134
#
# JRE version: OpenJDK Runtime Environment (11.0.15+10) (build 11.0.15+10-Ubuntu-0ubuntu0.22.04.1)
# Java VM: OpenJDK 64-Bit Server VM (11.0.15+10-Ubuntu-0ubuntu0.22.04.1, mixed mode, sharing, tiered, compressed oops, g1 gc, linux-amd64)
# Problematic frame:
# C  [libc.so.6+0xa547e]  free+0x1e
#
# Core dump will be written. Default location: Core dumps may be processed with "/usr/share/apport/apport -p%p -s%s -c%c -d%d -P%P -u%u -g%g -- %E" (or dumping to /home/eraser/projects/jniosrm/core.1916103)
#
# If you would like to submit a bug report, please visit:
#   Unknown
# The crash happened outside the Java Virtual Machine in native code.
# See problematic frame for where to report the bug.
#

---------------  S U M M A R Y ------------

Command Line: -Dfile.encoding=UTF-8 com.eraser.jniosrm.JniosrmApplication

Host: Intel(R) Core(TM) i5-9500 CPU @ 3.00GHz, 6 cores, 7G, Ubuntu 22.04 LTS
Time: Fri Jun  3 17:34:57 2022 KST elapsed time: 22.604312 seconds (0d 0h 0m 22s)

---------------  T H R E A D  ---------------

Current thread (0x00007f301cf49000):  JavaThread "http-nio-8080-exec-1" daemon [_thread_in_native, id=1916134, stack(0x00007f2fb36cf000,0x00007f2fb37cf000)]

Stack: [0x00007f2fb36cf000,0x00007f2fb37cf000],  sp=0x00007f2fb37caf30,  free space=1007k
Native frames: (J=compiled Java code, A=aot compiled Java code, j=interpreted, Vv=VM code, C=native code)
C  [libc.so.6+0xa547e]  free+0x1e

Java frames: (J=compiled Java code, j=interpreted, Vv=VM code)
j  com.eraser.jniosrm.OsrmJNI.getOsrmResponse(DDDD)Lcom/eraser/jniosrm/OsrmResponse;+0
j  com.eraser.jniosrm.OsrmJNI.returnOsrmResponse(DDDD)Lcom/eraser/jniosrm/OsrmResponse;+7
j  com.eraser.jniosrm.Controller.getDurationByWalking(Ljava/lang/String;Ljava/lang/String;)Lcom/eraser/jniosrm/OsrmResponse;+61
v  ~StubRoutines::call_stub
J 2198  jdk.internal.reflect.NativeMethodAccessorImpl.invoke0(Ljava/lang/reflect/Method;Ljava/lang/Object;[Ljava/lang/Object;)Ljava/lang/Object; java.base@11.0.15 (0 bytes) @ 0x00007f300c3bf1c7 [0x00007f300c3bf140+0x0000000000000087]
J 2197 c1 jdk.internal.reflect.NativeMethodAccessorImpl.invoke(Ljava/lang/Object;[Ljava/lang/Object;)Ljava/lang/Object; java.base@11.0.15 (104 bytes) @ 0x00007f300520cb5c [0x00007f300520bec0+0x0000000000000c9c]
J 2183 c1 jdk.internal.reflect.DelegatingMethodAccessorImpl.invoke(Ljava/lang/Object;[Ljava/lang/Object;)Ljava/lang/Object; java.base@11.0.15 (10 bytes) @ 0x00007f30051fefec [0x00007f30051feec0+0x000000000000012c]
J 2081 c1 java.lang.reflect.Method.invoke(Ljava/lang/Object;[Ljava/lang/Object;)Ljava/lang/Object; java.base@11.0.15 (65 bytes) @ 0x00007f30051b8b8c [0x00007f30051b8820+0x000000000000036c]
j  org.springframework.web.method.support.InvocableHandlerMethod.doInvoke([Ljava/lang/Object;)Ljava/lang/Object;+28
j  org.springframework.web.method.support.InvocableHandlerMethod.invokeForRequest(Lorg/springframework/web/context/request/NativeWebRequest;Lorg/springframework/web/method/support/ModelAndViewContainer;[Ljava/lang/Object;)Ljava/lang/Object;+54
j  org.springframework.web.servlet.mvc.method.annotation.ServletInvocableHandlerMethod.invokeAndHandle(Lorg/springframework/web/context/request/ServletWebRequest;Lorg/springframework/web/method/support/ModelAndViewContainer;[Ljava/lang/Object;)V+4
j  org.springframework.web.servlet.mvc.method.annotation.RequestMappingHandlerAdapter.invokeHandlerMethod(Ljavax/servlet/http/HttpServletRequest;Ljavax/servlet/http/HttpServletResponse;Lorg/springframework/web/method/HandlerMethod;)Lorg/springframework/web/servlet/ModelAndView;+244
j  org.springframework.web.servlet.mvc.method.annotation.RequestMappingHandlerAdapter.handleInternal(Ljavax/servlet/http/HttpServletRequest;Ljavax/servlet/http/HttpServletResponse;Lorg/springframework/web/method/HandlerMethod;)Lorg/springframework/web/servlet/ModelAndView;+81
j  org.springframework.web.servlet.mvc.method.AbstractHandlerMethodAdapter.handle(Ljavax/servlet/http/HttpServletRequest;Ljavax/servlet/http/HttpServletResponse;Ljava/lang/Object;)Lorg/springframework/web/servlet/ModelAndView;+7
j  org.springframework.web.servlet.DispatcherServlet.doDispatch(Ljavax/servlet/http/HttpServletRequest;Ljavax/servlet/http/HttpServletResponse;)V+259
j  org.springframework.web.servlet.DispatcherServlet.doService(Ljavax/servlet/http/HttpServletRequest;Ljavax/servlet/http/HttpServletResponse;)V+241
j  org.springframework.web.servlet.FrameworkServlet.processRequest(Ljavax/servlet/http/HttpServletRequest;Ljavax/servlet/http/HttpServletResponse;)V+71
j  org.springframework.web.servlet.FrameworkServlet.doGet(Ljavax/servlet/http/HttpServletRequest;Ljavax/servlet/http/HttpServletResponse;)V+3
j  javax.servlet.http.HttpServlet.service(Ljavax/servlet/http/HttpServletRequest;Ljavax/servlet/http/HttpServletResponse;)V+35
j  org.springframework.web.servlet.FrameworkServlet.service(Ljavax/servlet/http/HttpServletRequest;Ljavax/servlet/http/HttpServletResponse;)V+33
j  javax.servlet.http.HttpServlet.service(Ljavax/servlet/ServletRequest;Ljavax/servlet/ServletResponse;)V+36
j  org.apache.catalina.core.ApplicationFilterChain.internalDoFilter(Ljavax/servlet/ServletRequest;Ljavax/servlet/ServletResponse;)V+304
j  org.apache.catalina.core.ApplicationFilterChain.doFilter(Ljavax/servlet/ServletRequest;Ljavax/servlet/ServletResponse;)V+99
j  org.apache.tomcat.websocket.server.WsFilter.doFilter(Ljavax/servlet/ServletRequest;Ljavax/servlet/ServletResponse;Ljavax/servlet/FilterChain;)V+21
j  org.apache.catalina.core.ApplicationFilterChain.internalDoFilter(Ljavax/servlet/ServletRequest;Ljavax/servlet/ServletResponse;)V+135
j  org.apache.catalina.core.ApplicationFilterChain.doFilter(Ljavax/servlet/ServletRequest;Ljavax/servlet/ServletResponse;)V+99
j  org.springframework.web.filter.RequestContextFilter.doFilterInternal(Ljavax/servlet/http/HttpServletRequest;Ljavax/servlet/http/HttpServletResponse;Ljavax/servlet/FilterChain;)V+21
j  org.springframework.web.filter.OncePerRequestFilter.doFilter(Ljavax/servlet/ServletRequest;Ljavax/servlet/ServletResponse;Ljavax/servlet/FilterChain;)V+147
j  org.apache.catalina.core.ApplicationFilterChain.internalDoFilter(Ljavax/servlet/ServletRequest;Ljavax/servlet/ServletResponse;)V+135
j  org.apache.catalina.core.ApplicationFilterChain.doFilter(Ljavax/servlet/ServletRequest;Ljavax/servlet/ServletResponse;)V+99
j  org.springframework.web.filter.FormContentFilter.doFilterInternal(Ljavax/servlet/http/HttpServletRequest;Ljavax/servlet/http/HttpServletResponse;Ljavax/servlet/FilterChain;)V+38
j  org.springframework.web.filter.OncePerRequestFilter.doFilter(Ljavax/servlet/ServletRequest;Ljavax/servlet/ServletResponse;Ljavax/servlet/FilterChain;)V+147
j  org.apache.catalina.core.ApplicationFilterChain.internalDoFilter(Ljavax/servlet/ServletRequest;Ljavax/servlet/ServletResponse;)V+135
j  org.apache.catalina.core.ApplicationFilterChain.doFilter(Ljavax/servlet/ServletRequest;Ljavax/servlet/ServletResponse;)V+99
j  org.springframework.web.filter.CharacterEncodingFilter.doFilterInternal(Ljavax/servlet/http/HttpServletRequest;Ljavax/servlet/http/HttpServletResponse;Ljavax/servlet/FilterChain;)V+53
j  org.springframework.web.filter.OncePerRequestFilter.doFilter(Ljavax/servlet/ServletRequest;Ljavax/servlet/ServletResponse;Ljavax/servlet/FilterChain;)V+147
j  org.apache.catalina.core.ApplicationFilterChain.internalDoFilter(Ljavax/servlet/ServletRequest;Ljavax/servlet/ServletResponse;)V+135
j  org.apache.catalina.core.ApplicationFilterChain.doFilter(Ljavax/servlet/ServletRequest;Ljavax/servlet/ServletResponse;)V+99
j  org.apache.catalina.core.StandardWrapperValve.invoke(Lorg/apache/catalina/connector/Request;Lorg/apache/catalina/connector/Response;)V+694
j  org.apache.catalina.core.StandardContextValve.invoke(Lorg/apache/catalina/connector/Request;Lorg/apache/catalina/connector/Response;)V+169
j  org.apache.catalina.authenticator.AuthenticatorBase.invoke(Lorg/apache/catalina/connector/Request;Lorg/apache/catalina/connector/Response;)V+260
j  org.apache.catalina.core.StandardHostValve.invoke(Lorg/apache/catalina/connector/Request;Lorg/apache/catalina/connector/Response;)V+128
j  org.apache.catalina.valves.ErrorReportValve.invoke(Lorg/apache/catalina/connector/Request;Lorg/apache/catalina/connector/Response;)V+6
j  org.apache.catalina.core.StandardEngineValve.invoke(Lorg/apache/catalina/connector/Request;Lorg/apache/catalina/connector/Response;)V+59
j  org.apache.catalina.connector.CoyoteAdapter.service(Lorg/apache/coyote/Request;Lorg/apache/coyote/Response;)V+203
j  org.apache.coyote.http11.Http11Processor.service(Lorg/apache/tomcat/util/net/SocketWrapperBase;)Lorg/apache/tomcat/util/net/AbstractEndpoint$Handler$SocketState;+796
j  org.apache.coyote.AbstractProcessorLight.process(Lorg/apache/tomcat/util/net/SocketWrapperBase;Lorg/apache/tomcat/util/net/SocketEvent;)Lorg/apache/tomcat/util/net/AbstractEndpoint$Handler$SocketState;+170
j  org.apache.coyote.AbstractProtocol$ConnectionHandler.process(Lorg/apache/tomcat/util/net/SocketWrapperBase;Lorg/apache/tomcat/util/net/SocketEvent;)Lorg/apache/tomcat/util/net/AbstractEndpoint$Handler$SocketState;+489
j  org.apache.tomcat.util.net.NioEndpoint$SocketProcessor.doRun()V+216
j  org.apache.tomcat.util.net.SocketProcessorBase.run()V+21
j  org.apache.tomcat.util.threads.ThreadPoolExecutor.runWorker(Lorg/apache/tomcat/util/threads/ThreadPoolExecutor$Worker;)V+92
j  org.apache.tomcat.util.threads.ThreadPoolExecutor$Worker.run()V+5
j  org.apache.tomcat.util.threads.TaskThread$WrappingRunnable.run()V+4
j  java.lang.Thread.run()V+11 java.base@11.0.15
v  ~StubRoutines::call_stub

siginfo: si_signo: 11 (SIGSEGV), si_code: 1 (SEGV_MAPERR), si_addr: 0x000000000000002a

Register to memory mapping:

RAX=0x00007f3022a5a000 points into unknown readable memory: 0x0000000000000000 | 00 00 00 00 00 00 00 00
RBX=0xffffffffffffff80 is an unknown value
RCX=0x0 is NULL
RDX=0x00007f302338edd0: <offset 0x00000000004c5dd0> in /usr/lib/jvm/java-11-openjdk-amd64/lib/server/libjvm.so at 0x00007f3022ec9000
RSP=0x00007f2fb37caf30 is pointing into the stack for thread: 0x00007f301cf49000
RBP=0x00007f3022ec6540: _ZSt4cout+0x0000000000000000 in /lib/x86_64-linux-gnu/libstdc++.so.6 at 0x00007f3022c9d000
RSI=0x0000000000000022 is an unknown value
RDI=0x0000000000000032 is an unknown value
R8 =0x0000000000000001 is an unknown value
R9 =0x00007f2fb37cb1c8 is pointing into the stack for thread: 0x00007f301cf49000
R10=0x00007f3022cb9b88: <offset 0x000000000001cb88> in /lib/x86_64-linux-gnu/libstdc++.so.6 at 0x00007f3022c9d000
R11=0x00007f3022d49c90: _ZdlPv+0x0000000000000000 in /lib/x86_64-linux-gnu/libstdc++.so.6 at 0x00007f3022c9d000
R12=0x00007f2f980987e0 points into unknown readable memory: 0x00007f2f98059740 | 40 97 05 98 2f 7f 00 00
R13=0x40aa16999999999a is an unknown value
R14=0x00007f2fb37cb020 is pointing into the stack for thread: 0x00007f301cf49000
R15=0x00007f2fb37cb1c0 is pointing into the stack for thread: 0x00007f301cf49000


Registers:
RAX=0x00007f3022a5a000, RBX=0xffffffffffffff80, RCX=0x0000000000000000, RDX=0x00007f302338edd0
RSP=0x00007f2fb37caf30, RBP=0x00007f3022ec6540, RSI=0x0000000000000022, RDI=0x0000000000000032
R8 =0x0000000000000001, R9 =0x00007f2fb37cb1c8, R10=0x00007f3022cb9b88, R11=0x00007f3022d49c90
R12=0x00007f2f980987e0, R13=0x40aa16999999999a, R14=0x00007f2fb37cb020, R15=0x00007f2fb37cb1c0
RIP=0x00007f302424b47e, EFLAGS=0x0000000000010206, CSGSFS=0x002b000000000033, ERR=0x0000000000000004
  TRAPNO=0x000000000000000e

Top of Stack: (sp=0x00007f2fb37caf30)
0x00007f2fb37caf30:   00007f2fb37caf50 00007f30237a4f34
0x00007f2fb37caf40:   40a2d6cccccccccd 40a2d6cccccccccd
0x00007f2fb37caf50:   00007f3022ec6540 00007f2fb3c8a3c3
0x00007f2fb37caf60:   00007f2fb37cb1a0 00007f2fb37cb2e0 

Instructions: (pc=0x00007f302424b47e)
0x00007f302424b37e:   00 00 48 83 c4 10 31 c0 5b 5d 41 5c c3 0f 1f 44
0x00007f302424b38e:   00 00 e8 7b bd ff ff 49 89 c4 48 85 c0 0f 85 0d
0x00007f302424b39e:   fe ff ff 31 f6 48 89 ef e8 b5 cb ff ff 48 89 ee
0x00007f302424b3ae:   48 89 c7 49 89 c4 e8 77 e6 ff ff 48 85 c0 75 2c
0x00007f302424b3be:   4d 85 e4 0f 84 0a fe ff ff 66 0f 1f 84 00 00 00
0x00007f302424b3ce:   00 00 90 4c 89 e7 48 89 ee e8 64 d0 ff ff 48 89
0x00007f302424b3de:   ee 48 89 c7 49 89 c4 e8 46 e6 ff ff 4d 85 e4 0f
0x00007f302424b3ee:   84 de fd ff ff e9 ca fd ff ff 48 8d 0d 59 9e 13
0x00007f302424b3fe:   00 ba 10 0d 00 00 48 8d 35 a1 42 13 00 48 8d 3d
0x00007f302424b40e:   c6 9a 13 00 e8 d9 ba ff ff 66 0f 1f 84 00 00 00
0x00007f302424b41e:   00 00 4c 89 e7 48 89 44 24 08 e8 53 bf fe ff 48
0x00007f302424b42e:   8b 44 24 08 e9 9a fd ff ff 66 0f 1f 84 00 00 00
0x00007f302424b43e:   00 00 4c 89 e7 e8 68 be fe ff e9 61 fd ff ff 0f
0x00007f302424b44e:   1f 00 48 8d 3d e9 98 13 00 e8 04 b9 ff ff 0f 1f
0x00007f302424b45e:   40 00 f3 0f 1e fa 48 85 ff 0f 84 bb 00 00 00 55
0x00007f302424b46e:   48 8d 77 f0 53 48 83 ec 18 48 8b 1d 92 39 17 00
0x00007f302424b47e:   48 8b 47 f8 64 8b 2b a8 02 75 57 48 8b 15 18 39
0x00007f302424b48e:   17 00 64 48 83 3a 00 0f 84 95 00 00 00 48 8d 3d
0x00007f302424b49e:   de 47 17 00 a8 04 74 26 48 8b 15 e3 3e 17 00 48
0x00007f302424b4ae:   8d 04 95 00 00 00 00 48 f7 d8 48 85 d2 48 c7 c2
0x00007f302424b4be:   00 00 00 fc 48 0f 44 c2 48 21 f0 48 8b 38 31 d2
0x00007f302424b4ce:   e8 4d d2 ff ff 64 89 2b 48 83 c4 18 5b 5d c3 0f
0x00007f302424b4de:   1f 00 8b 15 c2 3e 17 00 85 d2 75 28 48 3b 05 7f
0x00007f302424b4ee:   3e 17 00 76 1f 48 3d 00 00 00 02 77 17 48 83 e0
0x00007f302424b4fe:   f8 48 8d 14 00 48 89 05 66 3e 17 00 48 89 15 4f
0x00007f302424b50e:   3e 17 00 90 48 89 f7 e8 c6 ba ff ff 64 89 2b 48
0x00007f302424b51e:   83 c4 18 5b 5d c3 0f 1f 40 00 c3 0f 1f 80 00 00
0x00007f302424b52e:   00 00 48 8b 15 79 38 17 00 48 89 3c 24 64 80 3a
0x00007f302424b53e:   00 0f 85 56 ff ff ff 48 89 74 24 08 e8 c1 f4 ff
0x00007f302424b54e:   ff 48 8b 3c 24 48 8b 74 24 08 48 8b 47 f8 e9 3a
0x00007f302424b55e:   ff ff ff 66 66 2e 0f 1f 84 00 00 00 00 00 0f 1f
0x00007f302424b56e:   40 00 f3 0f 1e fa 41 57 41 56 41 55 41 54 55 53 


Stack slot to memory mapping:
stack at sp + 0 slots: 0x00007f2fb37caf50 is pointing into the stack for thread: 0x00007f301cf49000
stack at sp + 1 slots: 0x00007f30237a4f34: <offset 0x00000000008dbf34> in /usr/lib/jvm/java-11-openjdk-amd64/lib/server/libjvm.so at 0x00007f3022ec9000
stack at sp + 2 slots: 0x40a2d6cccccccccd is an unknown value
stack at sp + 3 slots: 0x40a2d6cccccccccd is an unknown value
stack at sp + 4 slots: 0x00007f3022ec6540: _ZSt4cout+0x0000000000000000 in /lib/x86_64-linux-gnu/libstdc++.so.6 at 0x00007f3022c9d000
stack at sp + 5 slots: 0x00007f2fb3c8a3c3: Java_com_eraser_jniosrm_OsrmJNI_getOsrmResponse+0x00000000000013d3 in /home/eraser/projects/jniosrm/src/src++/build/libosrmjni.so at 0x00007f2fb3c1b000
stack at sp + 6 slots: 0x00007f2fb37cb1a0 is pointing into the stack for thread: 0x00007f301cf49000
stack at sp + 7 slots: 0x00007f2fb37cb2e0 is pointing into the stack for thread: 0x00007f301cf49000


---------------  P R O C E S S  ---------------

Threads class SMR info:
_java_thread_list=0x00007f2fc06264e0, length=24, elements={
0x00007f301c119800, 0x00007f301c11b800, 0x00007f301c121000, 0x00007f301c123000,
0x00007f301c125800, 0x00007f301c127800, 0x00007f301c129800, 0x00007f301c18d000,
0x00007f301ce6c000, 0x00007f2fa8005800, 0x00007f301ce7e000, 0x00007f301cf49000,
0x00007f301cf4a800, 0x00007f301cf4c000, 0x00007f301cf4e000, 0x00007f301cf50000,
0x00007f301cf52000, 0x00007f301cf54000, 0x00007f301cf56000, 0x00007f301cf58000,
0x00007f301cf5a000, 0x00007f301cf5d000, 0x00007f301cf63800, 0x00007f301c016800
}

Java Threads: ( => current thread )
  0x00007f301c119800 JavaThread "Reference Handler" daemon [_thread_blocked, id=1916114, stack(0x00007f302000f000,0x00007f302010f000)]
  0x00007f301c11b800 JavaThread "Finalizer" daemon [_thread_blocked, id=1916115, stack(0x00007f300471e000,0x00007f300481e000)]
  0x00007f301c121000 JavaThread "Signal Dispatcher" daemon [_thread_blocked, id=1916116, stack(0x00007f300461e000,0x00007f300471e000)]
  0x00007f301c123000 JavaThread "Service Thread" daemon [_thread_blocked, id=1916117, stack(0x00007f300451e000,0x00007f300461e000)]
  0x00007f301c125800 JavaThread "C2 CompilerThread0" daemon [_thread_in_native, id=1916118, stack(0x00007f300441e000,0x00007f300451e000)]
  0x00007f301c127800 JavaThread "C1 CompilerThread0" daemon [_thread_blocked, id=1916119, stack(0x00007f300431e000,0x00007f300441e000)]
  0x00007f301c129800 JavaThread "Sweeper thread" daemon [_thread_blocked, id=1916120, stack(0x00007f300421e000,0x00007f300431e000)]
  0x00007f301c18d000 JavaThread "Common-Cleaner" daemon [_thread_blocked, id=1916122, stack(0x00007f300401c000,0x00007f300411c000)]
  0x00007f301ce6c000 JavaThread "Catalina-utility-1" [_thread_blocked, id=1916131, stack(0x00007f2ff4ecf000,0x00007f2ff4fcf000)]
  0x00007f2fa8005800 JavaThread "Catalina-utility-2" [_thread_blocked, id=1916132, stack(0x00007f2ff42cd000,0x00007f2ff43cd000)]
  0x00007f301ce7e000 JavaThread "container-0" [_thread_blocked, id=1916133, stack(0x00007f2ff41cd000,0x00007f2ff42cd000)]
=>0x00007f301cf49000 JavaThread "http-nio-8080-exec-1" daemon [_thread_in_native, id=1916134, stack(0x00007f2fb36cf000,0x00007f2fb37cf000)]
  0x00007f301cf4a800 JavaThread "http-nio-8080-exec-2" daemon [_thread_blocked, id=1916135, stack(0x00007f2fb35cf000,0x00007f2fb36cf000)]
  0x00007f301cf4c000 JavaThread "http-nio-8080-exec-3" daemon [_thread_blocked, id=1916136, stack(0x00007f2fb34cf000,0x00007f2fb35cf000)]
  0x00007f301cf4e000 JavaThread "http-nio-8080-exec-4" daemon [_thread_blocked, id=1916137, stack(0x00007f2fb33cf000,0x00007f2fb34cf000)]
  0x00007f301cf50000 JavaThread "http-nio-8080-exec-5" daemon [_thread_blocked, id=1916138, stack(0x00007f2fb32cf000,0x00007f2fb33cf000)]
  0x00007f301cf52000 JavaThread "http-nio-8080-exec-6" daemon [_thread_blocked, id=1916139, stack(0x00007f2fb31cf000,0x00007f2fb32cf000)]
  0x00007f301cf54000 JavaThread "http-nio-8080-exec-7" daemon [_thread_blocked, id=1916140, stack(0x00007f2fb30cf000,0x00007f2fb31cf000)]
  0x00007f301cf56000 JavaThread "http-nio-8080-exec-8" daemon [_thread_blocked, id=1916141, stack(0x00007f2fb2fcf000,0x00007f2fb30cf000)]
  0x00007f301cf58000 JavaThread "http-nio-8080-exec-9" daemon [_thread_blocked, id=1916142, stack(0x00007f2fb2ecf000,0x00007f2fb2fcf000)]
  0x00007f301cf5a000 JavaThread "http-nio-8080-exec-10" daemon [_thread_blocked, id=1916143, stack(0x00007f2fb2dcf000,0x00007f2fb2ecf000)]
  0x00007f301cf5d000 JavaThread "http-nio-8080-Poller" daemon [_thread_in_native, id=1916144, stack(0x00007f2fb2ccf000,0x00007f2fb2dcf000)]
  0x00007f301cf63800 JavaThread "http-nio-8080-Acceptor" daemon [_thread_in_native, id=1916145, stack(0x00007f2fb2bcf000,0x00007f2fb2ccf000)]
  0x00007f301c016800 JavaThread "DestroyJavaVM" [_thread_blocked, id=1916107, stack(0x00007f3022a96000,0x00007f3022b96000)]

Other Threads:
  0x00007f301c117000 VMThread "VM Thread" [stack: 0x00007f3020111000,0x00007f3020211000] [id=1916113]
  0x00007f301c18a000 WatcherThread [stack: 0x00007f300411e000,0x00007f300421e000] [id=1916121]
  0x00007f301c030000 GCTaskThread "GC Thread#0" [stack: 0x00007f3022762000,0x00007f3022862000] [id=1916108]
  0x00007f2fe8001000 GCTaskThread "GC Thread#1" [stack: 0x00007f2ffc097000,0x00007f2ffc197000] [id=1916124]
  0x00007f2fe8002800 GCTaskThread "GC Thread#2" [stack: 0x00007f2ff4fd1000,0x00007f2ff50d1000] [id=1916125]
  0x00007f301c061000 ConcurrentGCThread "G1 Main Marker" [stack: 0x00007f3021465000,0x00007f3021565000] [id=1916109]
  0x00007f301c063000 ConcurrentGCThread "G1 Conc#0" [stack: 0x00007f3021363000,0x00007f3021463000] [id=1916110]
  0x00007f2ff8001000 ConcurrentGCThread "G1 Conc#1" [stack: 0x00007f2ff43cf000,0x00007f2ff44cf000] [id=1916130]
  0x00007f301c0e3800 ConcurrentGCThread "G1 Refine#0" [stack: 0x00007f3020c5b000,0x00007f3020d5b000] [id=1916111]
  0x00007f301c0e5000 ConcurrentGCThread "G1 Young RemSet Sampling" [stack: 0x00007f3020b59000,0x00007f3020c59000] [id=1916112]

Threads with active compile tasks:
C2 CompilerThread0    22608 3205       4       org.springframework.core.ResolvableType::hasGenerics (14 bytes)

VM state:not at safepoint (normal execution)

VM Mutex/Monitor currently owned by a thread: None

Heap address: 0x0000000085c00000, size: 1956 MB, Compressed Oops mode: 32-bit
Narrow klass base: 0x0000000800000000, Narrow klass shift: 3
Compressed class space size: 1073741824 Address: 0x0000000840000000

Heap:
 garbage-first heap   total 129024K, used 54826K [0x0000000085c00000, 0x0000000100000000)
  region size 1024K, 50 young (51200K), 4 survivors (4096K)
 Metaspace       used 28670K, capacity 29728K, committed 30076K, reserved 1075200K
  class space    used 3511K, capacity 3953K, committed 4016K, reserved 1048576K
Heap Regions: E=young(eden), S=young(survivor), O=old, HS=humongous(starts), HC=humongous(continues), CS=collection set, F=free, A=archive, TAMS=top-at-mark-start (previous, next)
|   0|0x0000000085c00000, 0x0000000085d00000, 0x0000000085d00000|100%| O|  |TAMS 0x0000000085d00000, 0x0000000085c00000| Untracked 
|   1|0x0000000085d00000, 0x0000000085e00000, 0x0000000085e00000|100%| O|  |TAMS 0x0000000085e00000, 0x0000000085d00000| Untracked 
|   2|0x0000000085e00000, 0x0000000085f00000, 0x0000000085f00000|100%| O|  |TAMS 0x0000000085f00000, 0x0000000085e00000| Untracked 
|   3|0x0000000085f00000, 0x0000000085fd8a00, 0x0000000086000000| 84%| O|  |TAMS 0x0000000085fd8a00, 0x0000000085f00000| Untracked 
|   4|0x0000000086000000, 0x0000000086000000, 0x0000000086100000|  0%| F|  |TAMS 0x0000000086000000, 0x0000000086000000| Untracked 
|   5|0x0000000086100000, 0x0000000086100000, 0x0000000086200000|  0%| F|  |TAMS 0x0000000086100000, 0x0000000086100000| Untracked 
|   6|0x0000000086200000, 0x0000000086200000, 0x0000000086300000|  0%| F|  |TAMS 0x0000000086200000, 0x0000000086200000| Untracked 
|   7|0x0000000086300000, 0x0000000086300000, 0x0000000086400000|  0%| F|  |TAMS 0x0000000086300000, 0x0000000086300000| Untracked 
|   8|0x0000000086400000, 0x0000000086400000, 0x0000000086500000|  0%| F|  |TAMS 0x0000000086400000, 0x0000000086400000| Untracked 
|   9|0x0000000086500000, 0x0000000086500000, 0x0000000086600000|  0%| F|  |TAMS 0x0000000086500000, 0x0000000086500000| Untracked 
|  10|0x0000000086600000, 0x0000000086600000, 0x0000000086700000|  0%| F|  |TAMS 0x0000000086600000, 0x0000000086600000| Untracked 
|  11|0x0000000086700000, 0x0000000086700000, 0x0000000086800000|  0%| F|  |TAMS 0x0000000086700000, 0x0000000086700000| Untracked 
|  12|0x0000000086800000, 0x0000000086800000, 0x0000000086900000|  0%| F|  |TAMS 0x0000000086800000, 0x0000000086800000| Untracked 
|  13|0x0000000086900000, 0x0000000086900000, 0x0000000086a00000|  0%| F|  |TAMS 0x0000000086900000, 0x0000000086900000| Untracked 
|  14|0x0000000086a00000, 0x0000000086a00000, 0x0000000086b00000|  0%| F|  |TAMS 0x0000000086a00000, 0x0000000086a00000| Untracked 
|  15|0x0000000086b00000, 0x0000000086b00000, 0x0000000086c00000|  0%| F|  |TAMS 0x0000000086b00000, 0x0000000086b00000| Untracked 
|  16|0x0000000086c00000, 0x0000000086c00000, 0x0000000086d00000|  0%| F|  |TAMS 0x0000000086c00000, 0x0000000086c00000| Untracked 
|  17|0x0000000086d00000, 0x0000000086d00000, 0x0000000086e00000|  0%| F|  |TAMS 0x0000000086d00000, 0x0000000086d00000| Untracked 
|  18|0x0000000086e00000, 0x0000000086e00000, 0x0000000086f00000|  0%| F|  |TAMS 0x0000000086e00000, 0x0000000086e00000| Untracked 
|  19|0x0000000086f00000, 0x0000000086f00000, 0x0000000087000000|  0%| F|  |TAMS 0x0000000086f00000, 0x0000000086f00000| Untracked 
|  20|0x0000000087000000, 0x0000000087000000, 0x0000000087100000|  0%| F|  |TAMS 0x0000000087000000, 0x0000000087000000| Untracked 
|  21|0x0000000087100000, 0x0000000087100000, 0x0000000087200000|  0%| F|  |TAMS 0x0000000087100000, 0x0000000087100000| Untracked 
|  22|0x0000000087200000, 0x0000000087200000, 0x0000000087300000|  0%| F|  |TAMS 0x0000000087200000, 0x0000000087200000| Untracked 
|  23|0x0000000087300000, 0x0000000087300000, 0x0000000087400000|  0%| F|  |TAMS 0x0000000087300000, 0x0000000087300000| Untracked 
|  24|0x0000000087400000, 0x0000000087400000, 0x0000000087500000|  0%| F|  |TAMS 0x0000000087400000, 0x0000000087400000| Untracked 
|  25|0x0000000087500000, 0x0000000087500000, 0x0000000087600000|  0%| F|  |TAMS 0x0000000087500000, 0x0000000087500000| Untracked 
|  26|0x0000000087600000, 0x0000000087600000, 0x0000000087700000|  0%| F|  |TAMS 0x0000000087600000, 0x0000000087600000| Untracked 
|  27|0x0000000087700000, 0x0000000087700000, 0x0000000087800000|  0%| F|  |TAMS 0x0000000087700000, 0x0000000087700000| Untracked 
|  28|0x0000000087800000, 0x0000000087800000, 0x0000000087900000|  0%| F|  |TAMS 0x0000000087800000, 0x0000000087800000| Untracked 
|  29|0x0000000087900000, 0x0000000087900000, 0x0000000087a00000|  0%| F|  |TAMS 0x0000000087900000, 0x0000000087900000| Untracked 
|  30|0x0000000087a00000, 0x0000000087a00000, 0x0000000087b00000|  0%| F|  |TAMS 0x0000000087a00000, 0x0000000087a00000| Untracked 
|  31|0x0000000087b00000, 0x0000000087b00000, 0x0000000087c00000|  0%| F|  |TAMS 0x0000000087b00000, 0x0000000087b00000| Untracked 
|  32|0x0000000087c00000, 0x0000000087c00000, 0x0000000087d00000|  0%| F|  |TAMS 0x0000000087c00000, 0x0000000087c00000| Untracked 
|  33|0x0000000087d00000, 0x0000000087d00000, 0x0000000087e00000|  0%| F|  |TAMS 0x0000000087d00000, 0x0000000087d00000| Untracked 
|  34|0x0000000087e00000, 0x0000000087e00000, 0x0000000087f00000|  0%| F|  |TAMS 0x0000000087e00000, 0x0000000087e00000| Untracked 
|  35|0x0000000087f00000, 0x0000000087f00000, 0x0000000088000000|  0%| F|  |TAMS 0x0000000087f00000, 0x0000000087f00000| Untracked 
|  36|0x0000000088000000, 0x0000000088000000, 0x0000000088100000|  0%| F|  |TAMS 0x0000000088000000, 0x0000000088000000| Untracked 
|  37|0x0000000088100000, 0x0000000088100000, 0x0000000088200000|  0%| F|  |TAMS 0x0000000088100000, 0x0000000088100000| Untracked 
|  38|0x0000000088200000, 0x0000000088200000, 0x0000000088300000|  0%| F|  |TAMS 0x0000000088200000, 0x0000000088200000| Untracked 
|  39|0x0000000088300000, 0x0000000088300000, 0x0000000088400000|  0%| F|  |TAMS 0x0000000088300000, 0x0000000088300000| Untracked 
|  40|0x0000000088400000, 0x0000000088400000, 0x0000000088500000|  0%| F|  |TAMS 0x0000000088400000, 0x0000000088400000| Untracked 
|  41|0x0000000088500000, 0x0000000088500000, 0x0000000088600000|  0%| F|  |TAMS 0x0000000088500000, 0x0000000088500000| Untracked 
|  42|0x0000000088600000, 0x0000000088600000, 0x0000000088700000|  0%| F|  |TAMS 0x0000000088600000, 0x0000000088600000| Untracked 
|  43|0x0000000088700000, 0x0000000088700000, 0x0000000088800000|  0%| F|  |TAMS 0x0000000088700000, 0x0000000088700000| Untracked 
|  44|0x0000000088800000, 0x0000000088800000, 0x0000000088900000|  0%| F|  |TAMS 0x0000000088800000, 0x0000000088800000| Untracked 
|  45|0x0000000088900000, 0x0000000088900000, 0x0000000088a00000|  0%| F|  |TAMS 0x0000000088900000, 0x0000000088900000| Untracked 
|  46|0x0000000088a00000, 0x0000000088a00000, 0x0000000088b00000|  0%| F|  |TAMS 0x0000000088a00000, 0x0000000088a00000| Untracked 
|  47|0x0000000088b00000, 0x0000000088b00000, 0x0000000088c00000|  0%| F|  |TAMS 0x0000000088b00000, 0x0000000088b00000| Untracked 
|  48|0x0000000088c00000, 0x0000000088c00000, 0x0000000088d00000|  0%| F|  |TAMS 0x0000000088c00000, 0x0000000088c00000| Untracked 
|  49|0x0000000088d00000, 0x0000000088d00000, 0x0000000088e00000|  0%| F|  |TAMS 0x0000000088d00000, 0x0000000088d00000| Untracked 
|  50|0x0000000088e00000, 0x0000000088e00000, 0x0000000088f00000|  0%| F|  |TAMS 0x0000000088e00000, 0x0000000088e00000| Untracked 
|  51|0x0000000088f00000, 0x0000000088f00000, 0x0000000089000000|  0%| F|  |TAMS 0x0000000088f00000, 0x0000000088f00000| Untracked 
|  52|0x0000000089000000, 0x0000000089000000, 0x0000000089100000|  0%| F|  |TAMS 0x0000000089000000, 0x0000000089000000| Untracked 
|  53|0x0000000089100000, 0x0000000089100000, 0x0000000089200000|  0%| F|  |TAMS 0x0000000089100000, 0x0000000089100000| Untracked 
|  54|0x0000000089200000, 0x0000000089200000, 0x0000000089300000|  0%| F|  |TAMS 0x0000000089200000, 0x0000000089200000| Untracked 
|  55|0x0000000089300000, 0x0000000089300000, 0x0000000089400000|  0%| F|  |TAMS 0x0000000089300000, 0x0000000089300000| Untracked 
|  56|0x0000000089400000, 0x0000000089400000, 0x0000000089500000|  0%| F|  |TAMS 0x0000000089400000, 0x0000000089400000| Untracked 
|  57|0x0000000089500000, 0x0000000089500000, 0x0000000089600000|  0%| F|  |TAMS 0x0000000089500000, 0x0000000089500000| Untracked 
|  58|0x0000000089600000, 0x0000000089600000, 0x0000000089700000|  0%| F|  |TAMS 0x0000000089600000, 0x0000000089600000| Untracked 
|  59|0x0000000089700000, 0x0000000089700000, 0x0000000089800000|  0%| F|  |TAMS 0x0000000089700000, 0x0000000089700000| Untracked 
|  60|0x0000000089800000, 0x0000000089800000, 0x0000000089900000|  0%| F|  |TAMS 0x0000000089800000, 0x0000000089800000| Untracked 
|  61|0x0000000089900000, 0x0000000089900000, 0x0000000089a00000|  0%| F|  |TAMS 0x0000000089900000, 0x0000000089900000| Untracked 
|  62|0x0000000089a00000, 0x0000000089a00000, 0x0000000089b00000|  0%| F|  |TAMS 0x0000000089a00000, 0x0000000089a00000| Untracked 
|  63|0x0000000089b00000, 0x0000000089b00000, 0x0000000089c00000|  0%| F|  |TAMS 0x0000000089b00000, 0x0000000089b00000| Untracked 
|  64|0x0000000089c00000, 0x0000000089c00000, 0x0000000089d00000|  0%| F|  |TAMS 0x0000000089c00000, 0x0000000089c00000| Untracked 
|  65|0x0000000089d00000, 0x0000000089d00000, 0x0000000089e00000|  0%| F|  |TAMS 0x0000000089d00000, 0x0000000089d00000| Untracked 
|  66|0x0000000089e00000, 0x0000000089e00000, 0x0000000089f00000|  0%| F|  |TAMS 0x0000000089e00000, 0x0000000089e00000| Untracked 
|  67|0x0000000089f00000, 0x0000000089f00000, 0x000000008a000000|  0%| F|  |TAMS 0x0000000089f00000, 0x0000000089f00000| Untracked 
|  68|0x000000008a000000, 0x000000008a000000, 0x000000008a100000|  0%| F|  |TAMS 0x000000008a000000, 0x000000008a000000| Untracked 
|  69|0x000000008a100000, 0x000000008a100000, 0x000000008a200000|  0%| F|  |TAMS 0x000000008a100000, 0x000000008a100000| Untracked 
|  70|0x000000008a200000, 0x000000008a200000, 0x000000008a300000|  0%| F|  |TAMS 0x000000008a200000, 0x000000008a200000| Untracked 
|  71|0x000000008a300000, 0x000000008a300000, 0x000000008a400000|  0%| F|  |TAMS 0x000000008a300000, 0x000000008a300000| Untracked 
|  72|0x000000008a400000, 0x000000008a400000, 0x000000008a500000|  0%| F|  |TAMS 0x000000008a400000, 0x000000008a400000| Untracked 
|  73|0x000000008a500000, 0x000000008a500000, 0x000000008a600000|  0%| F|  |TAMS 0x000000008a500000, 0x000000008a500000| Untracked 
|  74|0x000000008a600000, 0x000000008a682b20, 0x000000008a700000| 51%| E|  |TAMS 0x000000008a600000, 0x000000008a600000| Complete 
|  75|0x000000008a700000, 0x000000008a800000, 0x000000008a800000|100%| E|CS|TAMS 0x000000008a700000, 0x000000008a700000| Complete 
|  76|0x000000008a800000, 0x000000008a900000, 0x000000008a900000|100%| E|CS|TAMS 0x000000008a800000, 0x000000008a800000| Complete 
|  77|0x000000008a900000, 0x000000008aa00000, 0x000000008aa00000|100%| E|CS|TAMS 0x000000008a900000, 0x000000008a900000| Complete 
|  78|0x000000008aa00000, 0x000000008ab00000, 0x000000008ab00000|100%| E|CS|TAMS 0x000000008aa00000, 0x000000008aa00000| Complete 
|  79|0x000000008ab00000, 0x000000008ac00000, 0x000000008ac00000|100%| E|CS|TAMS 0x000000008ab00000, 0x000000008ab00000| Complete 
|  80|0x000000008ac00000, 0x000000008ad00000, 0x000000008ad00000|100%| E|CS|TAMS 0x000000008ac00000, 0x000000008ac00000| Complete 
|  81|0x000000008ad00000, 0x000000008ae00000, 0x000000008ae00000|100%| E|CS|TAMS 0x000000008ad00000, 0x000000008ad00000| Complete 
|  82|0x000000008ae00000, 0x000000008af00000, 0x000000008af00000|100%| E|CS|TAMS 0x000000008ae00000, 0x000000008ae00000| Complete 
|  83|0x000000008af00000, 0x000000008b000000, 0x000000008b000000|100%| E|CS|TAMS 0x000000008af00000, 0x000000008af00000| Complete 
|  84|0x000000008b000000, 0x000000008b100000, 0x000000008b100000|100%| E|CS|TAMS 0x000000008b000000, 0x000000008b000000| Complete 
|  85|0x000000008b100000, 0x000000008b200000, 0x000000008b200000|100%| E|CS|TAMS 0x000000008b100000, 0x000000008b100000| Complete 
|  86|0x000000008b200000, 0x000000008b300000, 0x000000008b300000|100%| E|CS|TAMS 0x000000008b200000, 0x000000008b200000| Complete 
|  87|0x000000008b300000, 0x000000008b400000, 0x000000008b400000|100%| E|CS|TAMS 0x000000008b300000, 0x000000008b300000| Complete 
|  88|0x000000008b400000, 0x000000008b500000, 0x000000008b500000|100%| E|CS|TAMS 0x000000008b400000, 0x000000008b400000| Complete 
|  89|0x000000008b500000, 0x000000008b600000, 0x000000008b600000|100%| E|CS|TAMS 0x000000008b500000, 0x000000008b500000| Complete 
|  90|0x000000008b600000, 0x000000008b700000, 0x000000008b700000|100%| E|CS|TAMS 0x000000008b600000, 0x000000008b600000| Complete 
|  91|0x000000008b700000, 0x000000008b800000, 0x000000008b800000|100%| E|CS|TAMS 0x000000008b700000, 0x000000008b700000| Complete 
|  92|0x000000008b800000, 0x000000008b900000, 0x000000008b900000|100%| E|CS|TAMS 0x000000008b800000, 0x000000008b800000| Complete 
|  93|0x000000008b900000, 0x000000008ba00000, 0x000000008ba00000|100%| E|CS|TAMS 0x000000008b900000, 0x000000008b900000| Complete 
|  94|0x000000008ba00000, 0x000000008bb00000, 0x000000008bb00000|100%| E|CS|TAMS 0x000000008ba00000, 0x000000008ba00000| Complete 
|  95|0x000000008bb00000, 0x000000008bc00000, 0x000000008bc00000|100%| E|CS|TAMS 0x000000008bb00000, 0x000000008bb00000| Complete 
|  96|0x000000008bc00000, 0x000000008bd00000, 0x000000008bd00000|100%| E|CS|TAMS 0x000000008bc00000, 0x000000008bc00000| Complete 
|  97|0x000000008bd00000, 0x000000008be00000, 0x000000008be00000|100%| E|CS|TAMS 0x000000008bd00000, 0x000000008bd00000| Complete 
|  98|0x000000008be00000, 0x000000008bf00000, 0x000000008bf00000|100%| E|CS|TAMS 0x000000008be00000, 0x000000008be00000| Complete 
|  99|0x000000008bf00000, 0x000000008c000000, 0x000000008c000000|100%| E|CS|TAMS 0x000000008bf00000, 0x000000008bf00000| Complete 
| 100|0x000000008c000000, 0x000000008c100000, 0x000000008c100000|100%| E|CS|TAMS 0x000000008c000000, 0x000000008c000000| Complete 
| 101|0x000000008c100000, 0x000000008c200000, 0x000000008c200000|100%| E|CS|TAMS 0x000000008c100000, 0x000000008c100000| Complete 
| 102|0x000000008c200000, 0x000000008c300000, 0x000000008c300000|100%| E|CS|TAMS 0x000000008c200000, 0x000000008c200000| Complete 
| 103|0x000000008c300000, 0x000000008c400000, 0x000000008c400000|100%| E|CS|TAMS 0x000000008c300000, 0x000000008c300000| Complete 
| 104|0x000000008c400000, 0x000000008c500000, 0x000000008c500000|100%| E|CS|TAMS 0x000000008c400000, 0x000000008c400000| Complete 
| 105|0x000000008c500000, 0x000000008c600000, 0x000000008c600000|100%| E|CS|TAMS 0x000000008c500000, 0x000000008c500000| Complete 
| 106|0x000000008c600000, 0x000000008c700000, 0x000000008c700000|100%| E|CS|TAMS 0x000000008c600000, 0x000000008c600000| Complete 
| 107|0x000000008c700000, 0x000000008c800000, 0x000000008c800000|100%| E|CS|TAMS 0x000000008c700000, 0x000000008c700000| Complete 
| 108|0x000000008c800000, 0x000000008c900000, 0x000000008c900000|100%| E|CS|TAMS 0x000000008c800000, 0x000000008c800000| Complete 
| 109|0x000000008c900000, 0x000000008ca00000, 0x000000008ca00000|100%| E|CS|TAMS 0x000000008c900000, 0x000000008c900000| Complete 
| 110|0x000000008ca00000, 0x000000008cb00000, 0x000000008cb00000|100%| E|CS|TAMS 0x000000008ca00000, 0x000000008ca00000| Complete 
| 111|0x000000008cb00000, 0x000000008cc00000, 0x000000008cc00000|100%| E|CS|TAMS 0x000000008cb00000, 0x000000008cb00000| Complete 
| 112|0x000000008cc00000, 0x000000008cd00000, 0x000000008cd00000|100%| E|CS|TAMS 0x000000008cc00000, 0x000000008cc00000| Complete 
| 113|0x000000008cd00000, 0x000000008ce00000, 0x000000008ce00000|100%| E|CS|TAMS 0x000000008cd00000, 0x000000008cd00000| Complete 
| 114|0x000000008ce00000, 0x000000008cf00000, 0x000000008cf00000|100%| E|CS|TAMS 0x000000008ce00000, 0x000000008ce00000| Complete 
| 115|0x000000008cf00000, 0x000000008d000000, 0x000000008d000000|100%| E|CS|TAMS 0x000000008cf00000, 0x000000008cf00000| Complete 
| 116|0x000000008d000000, 0x000000008d100000, 0x000000008d100000|100%| E|CS|TAMS 0x000000008d000000, 0x000000008d000000| Complete 
| 117|0x000000008d100000, 0x000000008d200000, 0x000000008d200000|100%| E|CS|TAMS 0x000000008d100000, 0x000000008d100000| Complete 
| 118|0x000000008d200000, 0x000000008d300000, 0x000000008d300000|100%| S|CS|TAMS 0x000000008d200000, 0x000000008d200000| Complete 
| 119|0x000000008d300000, 0x000000008d400000, 0x000000008d400000|100%| S|CS|TAMS 0x000000008d300000, 0x000000008d300000| Complete 
| 120|0x000000008d400000, 0x000000008d500000, 0x000000008d500000|100%| S|CS|TAMS 0x000000008d400000, 0x000000008d400000| Complete 
| 121|0x000000008d500000, 0x000000008d600000, 0x000000008d600000|100%| S|CS|TAMS 0x000000008d500000, 0x000000008d500000| Complete 
| 122|0x000000008d600000, 0x000000008d700000, 0x000000008d700000|100%| E|CS|TAMS 0x000000008d600000, 0x000000008d600000| Complete 
| 123|0x000000008d700000, 0x000000008d800000, 0x000000008d800000|100%| E|CS|TAMS 0x000000008d700000, 0x000000008d700000| Complete 
|1954|0x00000000ffe00000, 0x00000000ffe47000, 0x00000000fff00000| 27%|OA|  |TAMS 0x00000000ffe47000, 0x00000000ffe00000| Untracked 
|1955|0x00000000fff00000, 0x00000000fff6b000, 0x0000000100000000| 41%|CA|  |TAMS 0x00000000fff6b000, 0x00000000fff00000| Untracked 

Card table byte_map: [0x00007f30219b6000,0x00007f3021d88000] _byte_map_base: 0x00007f3021588000

Marking Bits (Prev, Next): (CMBitMap*) 0x00007f301c058720, (CMBitMap*) 0x00007f301c0586e8
 Prev Bits: [0x00007f2ffc2e0000, 0x00007f2ffe170000)
 Next Bits: [0x00007f2ffe170000, 0x00007f3000000000)

Polling page: 0x00007f3022a59000

Metaspace:

Usage:
  Non-class:     25.17 MB capacity,    24.57 MB ( 98%) used,   495.28 KB (  2%) free+waste,   121.06 KB ( <1%) overhead. 
      Class:      3.86 MB capacity,     3.43 MB ( 89%) used,   381.81 KB ( 10%) free+waste,    59.56 KB (  2%) overhead. 
       Both:     29.03 MB capacity,    28.00 MB ( 96%) used,   877.09 KB (  3%) free+waste,   180.62 KB ( <1%) overhead. 

Virtual space:
  Non-class space:       26.00 MB reserved,      25.45 MB ( 98%) committed 
      Class space:        1.00 GB reserved,       3.92 MB ( <1%) committed 
             Both:        1.03 GB reserved,      29.37 MB (  3%) committed 

Chunk freelists:
   Non-Class:  33.00 KB
       Class:  15.00 KB
        Both:  48.00 KB

MaxMetaspaceSize: unlimited
CompressedClassSpaceSize: 1.00 GB
Initial GC threshold: 20.80 MB
Current GC threshold: 35.20 MB
CDS: on

CodeHeap 'non-profiled nmethods': size=120032Kb used=1473Kb max_used=1473Kb free=118558Kb
 bounds [0x00007f300c2e6000, 0x00007f300c556000, 0x00007f301381e000]
CodeHeap 'profiled nmethods': size=120032Kb used=7155Kb max_used=7155Kb free=112876Kb
 bounds [0x00007f3004dae000, 0x00007f30054ae000, 0x00007f300c2e6000]
CodeHeap 'non-nmethods': size=5696Kb used=1217Kb max_used=1270Kb free=4478Kb
 bounds [0x00007f300481e000, 0x00007f3004a8e000, 0x00007f3004dae000]
 total_blobs=3697 nmethods=3205 adapters=405
 compilation: enabled
              stopped_count=0, restarted_count=0
 full_count=0

Compilation events (20 events):
Event: 22.570 Thread 0x00007f301c127800 3212   !   3       com.sun.proxy.$Proxy8::annotationType (29 bytes)
Event: 22.570 Thread 0x00007f301c127800 nmethod 3212 0x00007f30054a7d10 code [0x00007f30054a7f00, 0x00007f30054a8330]
Event: 22.570 Thread 0x00007f301c127800 3214       3       java.util.ArrayList::clear (43 bytes)
Event: 22.570 Thread 0x00007f301c127800 nmethod 3214 0x00007f30054a8510 code [0x00007f30054a86e0, 0x00007f30054a8a90]
Event: 22.570 Thread 0x00007f301c127800 3216       1       java.lang.invoke.DirectMethodHandle$Special::isInvokeSpecial (2 bytes)
Event: 22.570 Thread 0x00007f301c127800 nmethod 3216 0x00007f300c450c10 code [0x00007f300c450dc0, 0x00007f300c450e90]
Event: 22.571 Thread 0x00007f301c127800 3217       1       org.springframework.core.annotation.AnnotationTypeMapping::getSource (5 bytes)
Event: 22.571 Thread 0x00007f301c127800 nmethod 3217 0x00007f300c450f10 code [0x00007f300c4510c0, 0x00007f300c451190]
Event: 22.573 Thread 0x00007f301c127800 3219   !   3       java.lang.reflect.Proxy$ProxyBuilder::ensureVisible (52 bytes)
Event: 22.573 Thread 0x00007f301c125800 nmethod 3201 0x00007f300c451510 code [0x00007f300c451720, 0x00007f300c4525f0]
Event: 22.573 Thread 0x00007f301c125800 3215       4       java.lang.reflect.Method::equals (69 bytes)
Event: 22.574 Thread 0x00007f301c127800 nmethod 3219 0x00007f30054a8c10 code [0x00007f30054a8ec0, 0x00007f30054a9980]
Event: 22.574 Thread 0x00007f301c127800 3220       3       java.lang.reflect.Method::setMethodAccessor (21 bytes)
Event: 22.574 Thread 0x00007f301c127800 nmethod 3220 0x00007f30054a9e10 code [0x00007f30054a9fe0, 0x00007f30054aa2e0]
Event: 22.575 Thread 0x00007f301c125800 nmethod 3215 0x00007f300c452f90 code [0x00007f300c453120, 0x00007f300c453298]
Event: 22.575 Thread 0x00007f301c125800 3213       4       org.springframework.util.ConcurrentReferenceHashMap$Segment::getReference (55 bytes)
Event: 22.578 Thread 0x00007f301c127800 3222       3       java.lang.String::equals (65 bytes)
Event: 22.578 Thread 0x00007f301c127800 nmethod 3222 0x00007f30054aa410 code [0x00007f30054aa620, 0x00007f30054aacb0]
Event: 22.582 Thread 0x00007f301c125800 nmethod 3213 0x00007f300c453410 code [0x00007f300c453600, 0x00007f300c4540b8]
Event: 22.582 Thread 0x00007f301c125800 3221   !   4       java.util.WeakHashMap::expungeStaleEntries (139 bytes)

GC Heap History (6 events):
Event: 0.305 GC heap before
{Heap before GC invocations=0 (full 0):
 garbage-first heap   total 129024K, used 23240K [0x0000000085c00000, 0x0000000100000000)
  region size 1024K, 22 young (22528K), 0 survivors (0K)
 Metaspace       used 6125K, capacity 8122K, committed 8192K, reserved 1056768K
  class space    used 734K, capacity 976K, committed 1024K, reserved 1048576K
}
Event: 0.310 GC heap after
{Heap after GC invocations=1 (full 0):
 garbage-first heap   total 129024K, used 4710K [0x0000000085c00000, 0x0000000100000000)
  region size 1024K, 3 young (3072K), 3 survivors (3072K)
 Metaspace       used 6125K, capacity 8122K, committed 8192K, reserved 1056768K
  class space    used 734K, capacity 976K, committed 1024K, reserved 1048576K
}
Event: 0.877 GC heap before
{Heap before GC invocations=1 (full 0):
 garbage-first heap   total 129024K, used 77414K [0x0000000085c00000, 0x0000000100000000)
  region size 1024K, 74 young (75776K), 3 survivors (3072K)
 Metaspace       used 20043K, capacity 20814K, committed 20992K, reserved 1067008K
  class space    used 2468K, capacity 2756K, committed 2816K, reserved 1048576K
}
Event: 0.884 GC heap after
{Heap after GC invocations=2 (full 0):
 garbage-first heap   total 129024K, used 8412K [0x0000000085c00000, 0x0000000100000000)
  region size 1024K, 7 young (7168K), 7 survivors (7168K)
 Metaspace       used 20043K, capacity 20814K, committed 20992K, reserved 1067008K
  class space    used 2468K, capacity 2756K, committed 2816K, reserved 1048576K
}
Event: 0.905 GC heap before
{Heap before GC invocations=2 (full 0):
 garbage-first heap   total 129024K, used 9436K [0x0000000085c00000, 0x0000000100000000)
  region size 1024K, 9 young (9216K), 7 survivors (7168K)
 Metaspace       used 20343K, capacity 21198K, committed 21296K, reserved 1067008K
  class space    used 2534K, capacity 2864K, committed 2864K, reserved 1048576K
}
Event: 0.912 GC heap after
{Heap after GC invocations=3 (full 0):
 garbage-first heap   total 129024K, used 8746K [0x0000000085c00000, 0x0000000100000000)
  region size 1024K, 4 young (4096K), 4 survivors (4096K)
 Metaspace       used 20343K, capacity 21198K, committed 21296K, reserved 1067008K
  class space    used 2534K, capacity 2864K, committed 2864K, reserved 1048576K
}

Deoptimization events (20 events):
Event: 1.236 Thread 0x00007f301c016800 Uncommon trap: trap_request=0xffffff4d fr.pc=0x00007f300c41e348 relative=0x00000000000009a8
Event: 1.236 Thread 0x00007f301c016800 Uncommon trap: reason=unstable_if action=reinterpret pc=0x00007f300c41e348 method=org.springframework.beans.factory.support.DefaultSingletonBeanRegistry.getSingleton(Ljava/lang/String;Z)Ljava/lang/Object; @ 39 c2
Event: 1.236 Thread 0x00007f301c016800 DEOPT PACKING pc=0x00007f300c41e348 sp=0x00007f3022b93560
Event: 1.236 Thread 0x00007f301c016800 DEOPT UNPACKING pc=0x00007f3004867ea5 sp=0x00007f3022b93518 mode 2
Event: 22.559 Thread 0x00007f301cf49000 Uncommon trap: trap_request=0xffffff4d fr.pc=0x00007f300c43aaf8 relative=0x0000000000005118
Event: 22.559 Thread 0x00007f301cf49000 Uncommon trap: reason=unstable_if action=reinterpret pc=0x00007f300c43aaf8 method=org.springframework.beans.factory.support.AbstractBeanFactory.isTypeMatch(Ljava/lang/String;Lorg/springframework/core/ResolvableType;Z)Z @ 34 c2
Event: 22.559 Thread 0x00007f301cf49000 DEOPT PACKING pc=0x00007f300c43aaf8 sp=0x00007f2fb37cc690
Event: 22.559 Thread 0x00007f301cf49000 DEOPT UNPACKING pc=0x00007f3004867ea5 sp=0x00007f2fb37cc6e0 mode 2
Event: 22.575 Thread 0x00007f301cf49000 Uncommon trap: trap_request=0xffffff4d fr.pc=0x00007f300c3bd358 relative=0x00000000000001b8
Event: 22.575 Thread 0x00007f301cf49000 Uncommon trap: reason=unstable_if action=reinterpret pc=0x00007f300c3bd358 method=java.lang.String.equals(Ljava/lang/Object;)Z @ 34 c2
Event: 22.575 Thread 0x00007f301cf49000 DEOPT PACKING pc=0x00007f300c3bd358 sp=0x00007f2fb37cbc20
Event: 22.575 Thread 0x00007f301cf49000 DEOPT UNPACKING pc=0x00007f3004867ea5 sp=0x00007f2fb37cbbe8 mode 2
Event: 22.575 Thread 0x00007f301cf49000 Uncommon trap: trap_request=0xffffffde fr.pc=0x00007f300c3acb98 relative=0x00000000000011d8
Event: 22.575 Thread 0x00007f301cf49000 Uncommon trap: reason=class_check action=maybe_recompile pc=0x00007f300c3acb98 method=java.util.concurrent.ConcurrentHashMap.putVal(Ljava/lang/Object;Ljava/lang/Object;Z)Ljava/lang/Object; @ 242 c2
Event: 22.575 Thread 0x00007f301cf49000 DEOPT PACKING pc=0x00007f300c3acb98 sp=0x00007f2fb37cbb70
Event: 22.575 Thread 0x00007f301cf49000 DEOPT UNPACKING pc=0x00007f3004867ea5 sp=0x00007f2fb37cbaf0 mode 2
Event: 22.578 Thread 0x00007f301cf49000 Uncommon trap: trap_request=0xffffff4d fr.pc=0x00007f300c2e6888 relative=0x0000000000000068
Event: 22.578 Thread 0x00007f301cf49000 Uncommon trap: reason=unstable_if action=reinterpret pc=0x00007f300c2e6888 method=java.lang.String.isLatin1()Z @ 10 c2
Event: 22.578 Thread 0x00007f301cf49000 DEOPT PACKING pc=0x00007f300c2e6888 sp=0x00007f2fb37cbbd0
Event: 22.578 Thread 0x00007f301cf49000 DEOPT UNPACKING pc=0x00007f3004867ea5 sp=0x00007f2fb37cbb80 mode 2

Classes redefined (0 events):
No events

Internal exceptions (20 events):
Event: 1.060 Thread 0x00007f301c016800 Exception <a 'java/lang/NoSuchMethodError'{0x000000008c350058}: 'int java.lang.invoke.DirectMethodHandle$Holder.invokeInterface(java.lang.Object, java.lang.Object, java.lang.Object, java.lang.Object)'> (0x000000008c350058) thrown at [./src/hotspot/share/interpreter/linkResolver.cpp, line 772]
Event: 1.083 Thread 0x00007f301c016800 Exception <a 'java/io/FileNotFoundException'{0x000000008c1b9ec0}> (0x000000008c1b9ec0) thrown at [./src/hotspot/share/prims/jni.cpp, line 617]
Event: 1.112 Thread 0x00007f301c016800 Exception <a 'java/lang/ClassNotFoundException'{0x000000008bec89f8}: java/lang/ObjectCustomizer> (0x000000008bec89f8) thrown at [./src/hotspot/share/classfile/systemDictionary.cpp, line 230]
Event: 1.112 Thread 0x00007f301c016800 Exception <a 'java/lang/ClassNotFoundException'{0x000000008bed5b70}: org/springframework/web/servlet/config/annotation/WebMvcConfigurationSupportCustomizer> (0x000000008bed5b70) thrown at [./src/hotspot/share/classfile/systemDictionary.cpp, line 230]
Event: 1.113 Thread 0x00007f301c016800 Exception <a 'java/lang/ClassNotFoundException'{0x000000008beef1f0}: org/springframework/web/servlet/config/annotation/DelegatingWebMvcConfigurationCustomizer> (0x000000008beef1f0) thrown at [./src/hotspot/share/classfile/systemDictionary.cpp, line 230]
Event: 1.113 Thread 0x00007f301c016800 Exception <a 'java/lang/ClassNotFoundException'{0x000000008beff4b0}: org/springframework/boot/autoconfigure/web/servlet/WebMvcAutoConfiguration$EnableWebMvcConfigurationCustomizer> (0x000000008beff4b0) thrown at [./src/hotspot/share/classfile/systemDictionary.cpp, line 230]
Event: 1.113 Thread 0x00007f301c016800 Exception <a 'java/lang/ClassNotFoundException'{0x000000008bd17d90}: org/springframework/context/ResourceLoaderAwareCustomizer> (0x000000008bd17d90) thrown at [./src/hotspot/share/classfile/systemDictionary.cpp, line 230]
Event: 1.114 Thread 0x00007f301c016800 Exception <a 'java/lang/ClassNotFoundException'{0x000000008bd20330}: org/springframework/beans/factory/AwareCustomizer> (0x000000008bd20330) thrown at [./src/hotspot/share/classfile/systemDictionary.cpp, line 230]
Event: 1.114 Thread 0x00007f301c016800 Exception <a 'java/lang/ClassNotFoundException'{0x000000008bd28860}: org/springframework/context/ApplicationContextAwareCustomizer> (0x000000008bd28860) thrown at [./src/hotspot/share/classfile/systemDictionary.cpp, line 230]
Event: 1.114 Thread 0x00007f301c016800 Exception <a 'java/lang/ClassNotFoundException'{0x000000008bd317a0}: org/springframework/beans/factory/AwareCustomizer> (0x000000008bd317a0) thrown at [./src/hotspot/share/classfile/systemDictionary.cpp, line 230]
Event: 1.114 Thread 0x00007f301c016800 Exception <a 'java/lang/ClassNotFoundException'{0x000000008bd39ca8}: org/springframework/web/context/ServletContextAwareCustomizer> (0x000000008bd39ca8) thrown at [./src/hotspot/share/classfile/systemDictionary.cpp, line 230]
Event: 1.114 Thread 0x00007f301c016800 Exception <a 'java/lang/ClassNotFoundException'{0x000000008bd426b0}: org/springframework/beans/factory/AwareCustomizer> (0x000000008bd426b0) thrown at [./src/hotspot/share/classfile/systemDictionary.cpp, line 230]
Event: 1.162 Thread 0x00007f301c016800 Exception <a 'java/lang/NoSuchMethodError'{0x000000008b9acd28}: 'void java.lang.invoke.DirectMethodHandle$Holder.invokeVirtual(java.lang.Object, java.lang.Object, int)'> (0x000000008b9acd28) thrown at [./src/hotspot/share/interpreter/linkResolver.cpp, line 772]
Event: 1.163 Thread 0x00007f301c016800 Exception <a 'java/lang/NoSuchMethodError'{0x000000008b9c6b20}: 'void java.lang.invoke.DirectMethodHandle$Holder.invokeVirtual(java.lang.Object, java.lang.Object, long)'> (0x000000008b9c6b20) thrown at [./src/hotspot/share/interpreter/linkResolver.cpp, line 772]
Event: 1.219 Thread 0x00007f301c016800 Exception <a 'java/lang/IncompatibleClassChangeError'{0x000000008b4e0ac8}: Found class java.lang.Object, but interface was expected> (0x000000008b4e0ac8) thrown at [./src/hotspot/share/interpreter/linkResolver.cpp, line 839]
Event: 1.234 Thread 0x00007f301c016800 Exception <a 'java/lang/NoSuchMethodError'{0x000000008b21ea10}: 'int java.lang.invoke.DirectMethodHandle$Holder.invokeStaticInit(java.lang.Object, java.lang.Object, java.lang.Object, java.lang.Object)'> (0x000000008b21ea10) thrown at [./src/hotspot/share/interpreter/linkResolver.cpp, line 772]
Event: 1.253 Thread 0x00007f301c016800 Exception <a 'java/lang/NoSuchMethodError'{0x000000008b179e10}: 'java.lang.Object java.lang.invoke.DirectMethodHandle$Holder.invokeSpecial(java.lang.Object, java.lang.Object, int, java.lang.Object, int, java.lang.Object)'> (0x000000008b179e10) thrown at [./src/hotspot/share/interpreter/linkResolver.cpp, line 772]
Event: 1.253 Thread 0x00007f301c016800 Exception <a 'java/lang/NoSuchMethodError'{0x000000008b181550}: 'java.lang.Object java.lang.invoke.DirectMethodHandle$Holder.invokeStatic(java.lang.Object, java.lang.Object, int, java.lang.Object, int)'> (0x000000008b181550) thrown at [./src/hotspot/share/interpreter/linkResolver.cpp, line 772]
Event: 1.253 Thread 0x00007f301c016800 Exception <a 'java/lang/NoSuchMethodError'{0x000000008b184d30}: 'java.lang.Object java.lang.invoke.DirectMethodHandle$Holder.invokeSpecial(java.lang.Object, java.lang.Object, java.lang.Object, int, java.lang.Object, int)'> (0x000000008b184d30) thrown at [./src/hotspot/share/interpreter/linkResolver.cpp, line 772]
Event: 1.253 Thread 0x00007f301c016800 Exception <a 'java/lang/NoSuchMethodError'{0x000000008b18e528}: 'void java.lang.invoke.DirectMethodHandle$Holder.invokeVirtual(java.lang.Object, java.lang.Object)'> (0x000000008b18e528) thrown at [./src/hotspot/share/interpreter/linkResolver.cpp, line 772]

Events (20 events):
Event: 22.576 loading class org/springframework/validation/AbstractBindingResult
Event: 22.576 loading class org/springframework/validation/AbstractBindingResult done
Event: 22.576 loading class org/springframework/validation/AbstractErrors
Event: 22.576 loading class org/springframework/validation/AbstractErrors done
Event: 22.577 loading class org/springframework/validation/BeanPropertyBindingResult
Event: 22.577 loading class org/springframework/validation/BeanPropertyBindingResult done
Event: 22.577 loading class org/springframework/validation/DirectFieldBindingResult
Event: 22.577 loading class org/springframework/validation/DirectFieldBindingResult done
Event: 22.577 loading class org/springframework/web/bind/ServletRequestParameterPropertyValues
Event: 22.577 loading class org/springframework/web/bind/ServletRequestParameterPropertyValues done
Event: 22.577 loading class org/springframework/validation/DefaultBindingErrorProcessor
Event: 22.577 loading class org/springframework/validation/DefaultBindingErrorProcessor done
Event: 22.577 loading class org/springframework/validation/ObjectError
Event: 22.577 loading class org/springframework/validation/ObjectError done
Event: 22.577 loading class org/springframework/context/support/DefaultMessageSourceResolvable
Event: 22.577 loading class org/springframework/context/support/DefaultMessageSourceResolvable done
Event: 22.577 loading class org/springframework/context/MessageSourceResolvable
Event: 22.577 loading class org/springframework/context/MessageSourceResolvable done
Event: 22.577 loading class org/springframework/validation/FieldError
Event: 22.577 loading class org/springframework/validation/FieldError done


Dynamic libraries:
85c00000-8d800000 rw-p 00000000 00:00 0 
8d800000-ffe00000 ---p 00000000 00:00 0 
ffe00000-ffe47000 rw-p 01119000 08:03 8786501                            /usr/lib/jvm/java-11-openjdk-amd64/lib/server/classes.jsa
ffe47000-fff00000 rw-p 00000000 00:00 0 
fff00000-fff6b000 rw-p 010ae000 08:03 8786501                            /usr/lib/jvm/java-11-openjdk-amd64/lib/server/classes.jsa
fff6b000-100000000 rw-p 00000000 00:00 0 
800000000-800002000 rwxp 00001000 08:03 8786501                          /usr/lib/jvm/java-11-openjdk-amd64/lib/server/classes.jsa
800002000-8003cb000 rw-p 00003000 08:03 8786501                          /usr/lib/jvm/java-11-openjdk-amd64/lib/server/classes.jsa
8003cb000-800a9a000 r--p 003cc000 08:03 8786501                          /usr/lib/jvm/java-11-openjdk-amd64/lib/server/classes.jsa
800a9a000-800a9b000 rw-p 00a9b000 08:03 8786501                          /usr/lib/jvm/java-11-openjdk-amd64/lib/server/classes.jsa
800a9b000-8010ad000 r--p 00a9c000 08:03 8786501                          /usr/lib/jvm/java-11-openjdk-amd64/lib/server/classes.jsa
840000000-8403ec000 rw-p 00000000 00:00 0 
8403ec000-880000000 ---p 00000000 00:00 0 
55dbe74d3000-55dbe74d4000 r--p 00000000 08:03 7359963                    /usr/lib/jvm/java-11-openjdk-amd64/bin/java
55dbe74d4000-55dbe74d5000 r-xp 00001000 08:03 7359963                    /usr/lib/jvm/java-11-openjdk-amd64/bin/java
55dbe74d5000-55dbe74d6000 r--p 00002000 08:03 7359963                    /usr/lib/jvm/java-11-openjdk-amd64/bin/java
55dbe74d6000-55dbe74d7000 r--p 00002000 08:03 7359963                    /usr/lib/jvm/java-11-openjdk-amd64/bin/java
55dbe74d7000-55dbe74d8000 rw-p 00003000 08:03 7359963                    /usr/lib/jvm/java-11-openjdk-amd64/bin/java
55dbe8ba5000-55dbe8bc6000 rw-p 00000000 00:00 0                          [heap]
7f2f362cb000-7f2f3f43b000 r--s 00000000 08:03 2231877                    /home/eraser/projects/osrm-backend/data/south-korea-latest.osrm.fileIndex
7f2f3f43b000-7f2f403b5000 r--s 00000000 08:03 2228337                    /home/eraser/projects/osrm-backend/data/south-korea-latest.osrm.turn_duration_penalties
7f2f403b5000-7f2f4132f000 r--s 00000000 08:03 2228335                    /home/eraser/projects/osrm-backend/data/south-korea-latest.osrm.turn_weight_penalties
7f2f4132f000-7f2f4b5d0000 r--s 00000000 08:03 2230949                    /home/eraser/projects/osrm-backend/data/south-korea-latest.osrm.geometry
7f2f4b5d0000-7f2f570d1000 r--s 00000000 08:03 2231889                    /home/eraser/projects/osrm-backend/data/south-korea-latest.osrm.cell_metrics
7f2f570d1000-7f2f62dff000 r--s 00000000 08:03 2231890                    /home/eraser/projects/osrm-backend/data/south-korea-latest.osrm.mldgr
7f2f62dff000-7f2f6642a000 r--s 00000000 08:03 2228398                    /home/eraser/projects/osrm-backend/data/south-korea-latest.osrm.edges
7f2f6642a000-7f2f69178000 r--s 00000000 08:03 2231883                    /home/eraser/projects/osrm-backend/data/south-korea-latest.osrm.ebg_nodes
7f2f69178000-7f2f6e4a9000 r--s 00000000 08:03 2228318                    /home/eraser/projects/osrm-backend/data/south-korea-latest.osrm.nbg_nodes
7f2f6e4a9000-7f2f70000000 r--s 00000000 08:03 2228340                    /home/eraser/projects/osrm-backend/data/south-korea-latest.osrm.icd
7f2f70000000-7f2f70021000 rw-p 00000000 00:00 0 
7f2f70021000-7f2f74000000 ---p 00000000 00:00 0 
7f2f74000000-7f2f74022000 rw-p 00000000 00:00 0 
7f2f74022000-7f2f78000000 ---p 00000000 00:00 0 
7f2f78000000-7f2f78021000 rw-p 00000000 00:00 0 
7f2f78021000-7f2f7c000000 ---p 00000000 00:00 0 
7f2f7c000000-7f2f7c021000 rw-p 00000000 00:00 0 
7f2f7c021000-7f2f80000000 ---p 00000000 00:00 0 
7f2f80000000-7f2f80021000 rw-p 00000000 00:00 0 
7f2f80021000-7f2f84000000 ---p 00000000 00:00 0 
7f2f84000000-7f2f84021000 rw-p 00000000 00:00 0 
7f2f84021000-7f2f88000000 ---p 00000000 00:00 0 
7f2f88000000-7f2f88021000 rw-p 00000000 00:00 0 
7f2f88021000-7f2f8c000000 ---p 00000000 00:00 0 
7f2f8c000000-7f2f8c021000 rw-p 00000000 00:00 0 
7f2f8c021000-7f2f90000000 ---p 00000000 00:00 0 
7f2f90000000-7f2f90021000 rw-p 00000000 00:00 0 
7f2f90021000-7f2f94000000 ---p 00000000 00:00 0 
7f2f94000000-7f2f94021000 rw-p 00000000 00:00 0 
7f2f94021000-7f2f98000000 ---p 00000000 00:00 0 
7f2f98000000-7f2f98433000 rw-p 00000000 00:00 0 
7f2f98433000-7f2f9c000000 ---p 00000000 00:00 0 
7f2f9c000000-7f2f9c021000 rw-p 00000000 00:00 0 
7f2f9c021000-7f2fa0000000 ---p 00000000 00:00 0 
7f2fa0000000-7f2fa0021000 rw-p 00000000 00:00 0 
7f2fa0021000-7f2fa4000000 ---p 00000000 00:00 0 
7f2fa4000000-7f2fa4021000 rw-p 00000000 00:00 0 
7f2fa4021000-7f2fa8000000 ---p 00000000 00:00 0 
7f2fa8000000-7f2fa8021000 rw-p 00000000 00:00 0 
7f2fa8021000-7f2fac000000 ---p 00000000 00:00 0 
7f2fac000000-7f2fac1b2000 rw-p 00000000 00:00 0 
7f2fac1b2000-7f2fb0000000 ---p 00000000 00:00 0 
7f2fb0642000-7f2fb0810000 r--s 00000000 08:03 2228314                    /home/eraser/projects/osrm-backend/data/south-korea-latest.osrm.names
7f2fb0810000-7f2fb25c3000 r--s 00000000 08:03 2231886                    /home/eraser/projects/osrm-backend/data/south-korea-latest.osrm.partition
7f2fb25c3000-7f2fb29cf000 r--s 00000000 08:03 2231887                    /home/eraser/projects/osrm-backend/data/south-korea-latest.osrm.cells
7f2fb29cf000-7f2fb2b4f000 rw-p 00000000 00:00 0 
7f2fb2b4f000-7f2fb2bcf000 ---p 00000000 00:00 0 
7f2fb2bcf000-7f2fb2bd3000 ---p 00000000 00:00 0 
7f2fb2bd3000-7f2fb2ccf000 rw-p 00000000 00:00 0 
7f2fb2ccf000-7f2fb2cd3000 ---p 00000000 00:00 0 
7f2fb2cd3000-7f2fb2dcf000 rw-p 00000000 00:00 0 
7f2fb2dcf000-7f2fb2dd3000 ---p 00000000 00:00 0 
7f2fb2dd3000-7f2fb2ecf000 rw-p 00000000 00:00 0 
7f2fb2ecf000-7f2fb2ed3000 ---p 00000000 00:00 0 
7f2fb2ed3000-7f2fb2fcf000 rw-p 00000000 00:00 0 
7f2fb2fcf000-7f2fb2fd3000 ---p 00000000 00:00 0 
7f2fb2fd3000-7f2fb30cf000 rw-p 00000000 00:00 0 
7f2fb30cf000-7f2fb30d3000 ---p 00000000 00:00 0 
7f2fb30d3000-7f2fb31cf000 rw-p 00000000 00:00 0 
7f2fb31cf000-7f2fb31d3000 ---p 00000000 00:00 0 
7f2fb31d3000-7f2fb32cf000 rw-p 00000000 00:00 0 
7f2fb32cf000-7f2fb32d3000 ---p 00000000 00:00 0 
7f2fb32d3000-7f2fb33cf000 rw-p 00000000 00:00 0 
7f2fb33cf000-7f2fb33d3000 ---p 00000000 00:00 0 
7f2fb33d3000-7f2fb34cf000 rw-p 00000000 00:00 0 
7f2fb34cf000-7f2fb34d3000 ---p 00000000 00:00 0 
7f2fb34d3000-7f2fb35cf000 rw-p 00000000 00:00 0 
7f2fb35cf000-7f2fb35d3000 ---p 00000000 00:00 0 
7f2fb35d3000-7f2fb36cf000 rw-p 00000000 00:00 0 
7f2fb36cf000-7f2fb36d3000 ---p 00000000 00:00 0 
7f2fb36d3000-7f2fb39cf000 rw-p 00000000 00:00 0 
7f2fb39cf000-7f2fb3bcf000 rw-p 00000000 00:00 0 
7f2fb3c1b000-7f2fb3df8000 r-xp 00000000 08:03 9572508                    /home/eraser/projects/jniosrm/src/src++/build/libosrmjni.so
7f2fb3df8000-7f2fb3df9000 ---p 001dd000 08:03 9572508                    /home/eraser/projects/jniosrm/src/src++/build/libosrmjni.so
7f2fb3df9000-7f2fb3dfd000 r--p 001dd000 08:03 9572508                    /home/eraser/projects/jniosrm/src/src++/build/libosrmjni.so
7f2fb3dfd000-7f2fb3e00000 rw-p 001e1000 08:03 9572508                    /home/eraser/projects/jniosrm/src/src++/build/libosrmjni.so
7f2fb3e00000-7f2fb3ff3000 rw-p 00000000 00:00 0 
7f2fb3ff3000-7f2fb4000000 ---p 00000000 00:00 0 
7f2fb4000000-7f2fb4021000 rw-p 00000000 00:00 0 
7f2fb4021000-7f2fb8000000 ---p 00000000 00:00 0 
7f2fb8000000-7f2fb8021000 rw-p 00000000 00:00 0 
7f2fb8021000-7f2fbc000000 ---p 00000000 00:00 0 
7f2fbc000000-7f2fbc021000 rw-p 00000000 00:00 0 
7f2fbc021000-7f2fc0000000 ---p 00000000 00:00 0 
7f2fc0000000-7f2fc0f56000 rw-p 00000000 00:00 0 
7f2fc0f56000-7f2fc4000000 ---p 00000000 00:00 0 
7f2fc4000000-7f2fc4021000 rw-p 00000000 00:00 0 
7f2fc4021000-7f2fc8000000 ---p 00000000 00:00 0 
7f2fc8000000-7f2fc8021000 rw-p 00000000 00:00 0 
7f2fc8021000-7f2fcc000000 ---p 00000000 00:00 0 
7f2fcc000000-7f2fcd377000 rw-p 00000000 00:00 0 
7f2fcd377000-7f2fd0000000 ---p 00000000 00:00 0 
7f2fd0000000-7f2fd0a21000 rw-p 00000000 00:00 0 
7f2fd0a21000-7f2fd4000000 ---p 00000000 00:00 0 
7f2fd4000000-7f2fd4021000 rw-p 00000000 00:00 0 
7f2fd4021000-7f2fd8000000 ---p 00000000 00:00 0 
7f2fd8000000-7f2fd8021000 rw-p 00000000 00:00 0 
7f2fd8021000-7f2fdc000000 ---p 00000000 00:00 0 
7f2fdc000000-7f2fdc021000 rw-p 00000000 00:00 0 
7f2fdc021000-7f2fe0000000 ---p 00000000 00:00 0 
7f2fe0000000-7f2fe0021000 rw-p 00000000 00:00 0 
7f2fe0021000-7f2fe4000000 ---p 00000000 00:00 0 
7f2fe4000000-7f2fe4021000 rw-p 00000000 00:00 0 
7f2fe4021000-7f2fe8000000 ---p 00000000 00:00 0 
7f2fe8000000-7f2fe802a000 rw-p 00000000 00:00 0 
7f2fe802a000-7f2fec000000 ---p 00000000 00:00 0 
7f2fec000000-7f2fec021000 rw-p 00000000 00:00 0 
7f2fec021000-7f2ff0000000 ---p 00000000 00:00 0 
7f2ff0000000-7f2ff0021000 rw-p 00000000 00:00 0 
7f2ff0021000-7f2ff4000000 ---p 00000000 00:00 0 
7f2ff4008000-7f2ff409e000 r--s 00000000 08:03 2231881                    /home/eraser/projects/osrm-backend/data/south-korea-latest.osrm.ramIndex
7f2ff409e000-7f2ff40a8000 r--p 00000000 08:03 7347529                    /usr/lib/x86_64-linux-gnu/libzstd.so.1.4.8
7f2ff40a8000-7f2ff415a000 r-xp 0000a000 08:03 7347529                    /usr/lib/x86_64-linux-gnu/libzstd.so.1.4.8
7f2ff415a000-7f2ff416b000 r--p 000bc000 08:03 7347529                    /usr/lib/x86_64-linux-gnu/libzstd.so.1.4.8
7f2ff416b000-7f2ff416c000 r--p 000cc000 08:03 7347529                    /usr/lib/x86_64-linux-gnu/libzstd.so.1.4.8
7f2ff416c000-7f2ff416d000 rw-p 000cd000 08:03 7347529                    /usr/lib/x86_64-linux-gnu/libzstd.so.1.4.8
7f2ff416d000-7f2ff4170000 r--p 00000000 08:03 7346830                    /usr/lib/x86_64-linux-gnu/liblzma.so.5.2.5
7f2ff4170000-7f2ff418b000 r-xp 00003000 08:03 7346830                    /usr/lib/x86_64-linux-gnu/liblzma.so.5.2.5
7f2ff418b000-7f2ff4196000 r--p 0001e000 08:03 7346830                    /usr/lib/x86_64-linux-gnu/liblzma.so.5.2.5
7f2ff4196000-7f2ff4197000 r--p 00028000 08:03 7346830                    /usr/lib/x86_64-linux-gnu/liblzma.so.5.2.5
7f2ff4197000-7f2ff4198000 rw-p 00029000 08:03 7346830                    /usr/lib/x86_64-linux-gnu/liblzma.so.5.2.5
7f2ff4198000-7f2ff419a000 r--p 00000000 08:03 7346183                    /usr/lib/x86_64-linux-gnu/libbz2.so.1.0.4
7f2ff419a000-7f2ff41a7000 r-xp 00002000 08:03 7346183                    /usr/lib/x86_64-linux-gnu/libbz2.so.1.0.4
7f2ff41a7000-7f2ff41a9000 r--p 0000f000 08:03 7346183                    /usr/lib/x86_64-linux-gnu/libbz2.so.1.0.4
7f2ff41a9000-7f2ff41aa000 r--p 00010000 08:03 7346183                    /usr/lib/x86_64-linux-gnu/libbz2.so.1.0.4
7f2ff41aa000-7f2ff41ab000 rw-p 00011000 08:03 7346183                    /usr/lib/x86_64-linux-gnu/libbz2.so.1.0.4
7f2ff41ab000-7f2ff41b2000 r--p 00000000 08:03 7359107                    /usr/lib/x86_64-linux-gnu/libboost_thread.so.1.74.0
7f2ff41b2000-7f2ff41c4000 r-xp 00007000 08:03 7359107                    /usr/lib/x86_64-linux-gnu/libboost_thread.so.1.74.0
7f2ff41c4000-7f2ff41ca000 r--p 00019000 08:03 7359107                    /usr/lib/x86_64-linux-gnu/libboost_thread.so.1.74.0
7f2ff41ca000-7f2ff41cc000 r--p 0001e000 08:03 7359107                    /usr/lib/x86_64-linux-gnu/libboost_thread.so.1.74.0
7f2ff41cc000-7f2ff41cd000 rw-p 00020000 08:03 7359107                    /usr/lib/x86_64-linux-gnu/libboost_thread.so.1.74.0
7f2ff41cd000-7f2ff41d1000 ---p 00000000 00:00 0 
7f2ff41d1000-7f2ff42cd000 rw-p 00000000 00:00 0 
7f2ff42cd000-7f2ff42d1000 ---p 00000000 00:00 0 
7f2ff42d1000-7f2ff43cd000 rw-p 00000000 00:00 0 
7f2ff43cd000-7f2ff43ce000 ---p 00000000 00:00 0 
7f2ff43ce000-7f2ff46cf000 rw-p 00000000 00:00 0 
7f2ff46cf000-7f2ff48cf000 rw-p 00000000 00:00 0 
7f2ff48cf000-7f2ff4acf000 rw-p 00000000 00:00 0 
7f2ff4acf000-7f2ff4ccf000 rw-p 00000000 00:00 0 
7f2ff4ccf000-7f2ff4ecf000 rw-p 00000000 00:00 0 
7f2ff4ecf000-7f2ff4ed3000 ---p 00000000 00:00 0 
7f2ff4ed3000-7f2ff4fcf000 rw-p 00000000 00:00 0 
7f2ff4fcf000-7f2ff4fd0000 ---p 00000000 00:00 0 
7f2ff4fd0000-7f2ff50d1000 rw-p 00000000 00:00 0 
7f2ff50d1000-7f2ff6000000 r--p 00000000 08:03 7345429                    /usr/lib/locale/locale-archive
7f2ff6000000-7f2ff8000000 rw-p 00000000 00:00 0 
7f2ff8000000-7f2ff8021000 rw-p 00000000 00:00 0 
7f2ff8021000-7f2ffc000000 ---p 00000000 00:00 0 
7f2ffc00a000-7f2ffc011000 r--s 00000000 08:03 8130374                    /usr/lib/x86_64-linux-gnu/gconv/gconv-modules.cache
7f2ffc011000-7f2ffc019000 r--p 00000000 08:03 7359221                    /usr/lib/x86_64-linux-gnu/libboost_iostreams.so.1.74.0
7f2ffc019000-7f2ffc022000 r-xp 00008000 08:03 7359221                    /usr/lib/x86_64-linux-gnu/libboost_iostreams.so.1.74.0
7f2ffc022000-7f2ffc026000 r--p 00011000 08:03 7359221                    /usr/lib/x86_64-linux-gnu/libboost_iostreams.so.1.74.0
7f2ffc026000-7f2ffc027000 ---p 00015000 08:03 7359221                    /usr/lib/x86_64-linux-gnu/libboost_iostreams.so.1.74.0
7f2ffc027000-7f2ffc028000 r--p 00015000 08:03 7359221                    /usr/lib/x86_64-linux-gnu/libboost_iostreams.so.1.74.0
7f2ffc028000-7f2ffc029000 rw-p 00016000 08:03 7359221                    /usr/lib/x86_64-linux-gnu/libboost_iostreams.so.1.74.0
7f2ffc029000-7f2ffc030000 r--p 00000000 08:03 7359117                    /usr/lib/x86_64-linux-gnu/libboost_filesystem.so.1.74.0
7f2ffc030000-7f2ffc042000 r-xp 00007000 08:03 7359117                    /usr/lib/x86_64-linux-gnu/libboost_filesystem.so.1.74.0
7f2ffc042000-7f2ffc047000 r--p 00019000 08:03 7359117                    /usr/lib/x86_64-linux-gnu/libboost_filesystem.so.1.74.0
7f2ffc047000-7f2ffc048000 r--p 0001d000 08:03 7359117                    /usr/lib/x86_64-linux-gnu/libboost_filesystem.so.1.74.0
7f2ffc048000-7f2ffc049000 rw-p 0001e000 08:03 7359117                    /usr/lib/x86_64-linux-gnu/libboost_filesystem.so.1.74.0
7f2ffc049000-7f2ffc05a000 r--s 00000000 08:03 2231888                    /home/eraser/projects/osrm-backend/data/south-korea-latest.osrm.datasource_names
7f2ffc05a000-7f2ffc062000 r--p 00000000 08:03 8786405                    /usr/lib/jvm/java-11-openjdk-amd64/lib/libsunec.so
7f2ffc062000-7f2ffc07b000 r-xp 00008000 08:03 8786405                    /usr/lib/jvm/java-11-openjdk-amd64/lib/libsunec.so
7f2ffc07b000-7f2ffc085000 r--p 00021000 08:03 8786405                    /usr/lib/jvm/java-11-openjdk-amd64/lib/libsunec.so
7f2ffc085000-7f2ffc086000 ---p 0002b000 08:03 8786405                    /usr/lib/jvm/java-11-openjdk-amd64/lib/libsunec.so
7f2ffc086000-7f2ffc08a000 r--p 0002b000 08:03 8786405                    /usr/lib/jvm/java-11-openjdk-amd64/lib/libsunec.so
7f2ffc08a000-7f2ffc08c000 rw-p 0002f000 08:03 8786405                    /usr/lib/jvm/java-11-openjdk-amd64/lib/libsunec.so
7f2ffc08c000-7f2ffc08e000 r--p 00000000 08:03 8786397                    /usr/lib/jvm/java-11-openjdk-amd64/lib/libmanagement_ext.so
7f2ffc08e000-7f2ffc091000 r-xp 00002000 08:03 8786397                    /usr/lib/jvm/java-11-openjdk-amd64/lib/libmanagement_ext.so
7f2ffc091000-7f2ffc093000 r--p 00005000 08:03 8786397                    /usr/lib/jvm/java-11-openjdk-amd64/lib/libmanagement_ext.so
7f2ffc093000-7f2ffc094000 r--p 00006000 08:03 8786397                    /usr/lib/jvm/java-11-openjdk-amd64/lib/libmanagement_ext.so
7f2ffc094000-7f2ffc095000 rw-p 00007000 08:03 8786397                    /usr/lib/jvm/java-11-openjdk-amd64/lib/libmanagement_ext.so
7f2ffc095000-7f2ffc096000 ---p 00000000 00:00 0 
7f2ffc096000-7f2ffc197000 rw-p 00000000 00:00 0 
7f2ffc197000-7f2ffc19b000 ---p 00000000 00:00 0 
7f2ffc19b000-7f2ffc2c8000 rw-p 00000000 00:00 0 
7f2ffc2c8000-7f2ffc2cc000 r--p 00000000 08:03 8786399                    /usr/lib/jvm/java-11-openjdk-amd64/lib/libnet.so
7f2ffc2cc000-7f2ffc2da000 r-xp 00004000 08:03 8786399                    /usr/lib/jvm/java-11-openjdk-amd64/lib/libnet.so
7f2ffc2da000-7f2ffc2de000 r--p 00012000 08:03 8786399                    /usr/lib/jvm/java-11-openjdk-amd64/lib/libnet.so
7f2ffc2de000-7f2ffc2df000 r--p 00015000 08:03 8786399                    /usr/lib/jvm/java-11-openjdk-amd64/lib/libnet.so
7f2ffc2df000-7f2ffc2e0000 rw-p 00016000 08:03 8786399                    /usr/lib/jvm/java-11-openjdk-amd64/lib/libnet.so
7f2ffc2e0000-7f2ffc4d0000 rw-p 00000000 00:00 0 
7f2ffc4d0000-7f2ffe168000 ---p 00000000 00:00 0 
7f2ffe168000-7f2ffe360000 rw-p 00000000 00:00 0 
7f2ffe360000-7f2fffff8000 ---p 00000000 00:00 0 
7f2fffff8000-7f3000000000 rw-p 00000000 00:00 0 
7f3000000000-7f3000030000 rw-p 00000000 00:00 0 
7f3000030000-7f3004000000 ---p 00000000 00:00 0 
7f3004004000-7f3004006000 r--s 00000000 08:03 2228332                    /home/eraser/projects/osrm-backend/data/south-korea-latest.osrm.maneuver_overrides
7f3004006000-7f3004008000 r--s 00000000 08:03 2228375                    /home/eraser/projects/osrm-backend/data/south-korea-latest.osrm.tls
7f3004008000-7f300400f000 r--p 00000000 08:03 8786400                    /usr/lib/jvm/java-11-openjdk-amd64/lib/libnio.so
7f300400f000-7f3004017000 r-xp 00007000 08:03 8786400                    /usr/lib/jvm/java-11-openjdk-amd64/lib/libnio.so
7f3004017000-7f300401a000 r--p 0000f000 08:03 8786400                    /usr/lib/jvm/java-11-openjdk-amd64/lib/libnio.so
7f300401a000-7f300401b000 r--p 00011000 08:03 8786400                    /usr/lib/jvm/java-11-openjdk-amd64/lib/libnio.so
7f300401b000-7f300401c000 rw-p 00012000 08:03 8786400                    /usr/lib/jvm/java-11-openjdk-amd64/lib/libnio.so
7f300401c000-7f3004020000 ---p 00000000 00:00 0 
7f3004020000-7f300411c000 rw-p 00000000 00:00 0 
7f300411c000-7f300411d000 ---p 00000000 00:00 0 
7f300411d000-7f300421e000 rw-p 00000000 00:00 0 
7f300421e000-7f3004222000 ---p 00000000 00:00 0 
7f3004222000-7f300431e000 rw-p 00000000 00:00 0 
7f300431e000-7f3004322000 ---p 00000000 00:00 0 
7f3004322000-7f300441e000 rw-p 00000000 00:00 0 
7f300441e000-7f3004422000 ---p 00000000 00:00 0 
7f3004422000-7f300451e000 rw-p 00000000 00:00 0 
7f300451e000-7f3004522000 ---p 00000000 00:00 0 
7f3004522000-7f300461e000 rw-p 00000000 00:00 0 
7f300461e000-7f3004622000 ---p 00000000 00:00 0 
7f3004622000-7f300471e000 rw-p 00000000 00:00 0 
7f300471e000-7f3004722000 ---p 00000000 00:00 0 
7f3004722000-7f300481e000 rw-p 00000000 00:00 0 
7f300481e000-7f3004a8e000 rwxp 00000000 00:00 0 
7f3004a8e000-7f3004dae000 ---p 00000000 00:00 0 
7f3004dae000-7f30054ae000 rwxp 00000000 00:00 0 
7f30054ae000-7f300c2e6000 ---p 00000000 00:00 0 
7f300c2e6000-7f300c556000 rwxp 00000000 00:00 0 
7f300c556000-7f301381e000 ---p 00000000 00:00 0 
7f301381e000-7f301c000000 r--s 00000000 08:03 8786409                    /usr/lib/jvm/java-11-openjdk-amd64/lib/modules
7f301c000000-7f301cf70000 rw-p 00000000 00:00 0 
7f301cf70000-7f3020000000 ---p 00000000 00:00 0 
7f3020000000-7f3020001000 r--s 00000000 08:03 2228253                    /home/eraser/projects/osrm-backend/data/south-korea-latest.osrm.timestamp
7f3020001000-7f3020003000 r--s 00000000 08:03 2228316                    /home/eraser/projects/osrm-backend/data/south-korea-latest.osrm.properties
7f3020003000-7f3020004000 r--p 00000000 08:03 8786381                    /usr/lib/jvm/java-11-openjdk-amd64/lib/libextnet.so
7f3020004000-7f3020005000 r-xp 00001000 08:03 8786381                    /usr/lib/jvm/java-11-openjdk-amd64/lib/libextnet.so
7f3020005000-7f3020006000 r--p 00002000 08:03 8786381                    /usr/lib/jvm/java-11-openjdk-amd64/lib/libextnet.so
7f3020006000-7f3020007000 r--p 00002000 08:03 8786381                    /usr/lib/jvm/java-11-openjdk-amd64/lib/libextnet.so
7f3020007000-7f3020008000 rw-p 00003000 08:03 8786381                    /usr/lib/jvm/java-11-openjdk-amd64/lib/libextnet.so
7f3020008000-7f302000b000 r--p 00000000 08:03 8786395                    /usr/lib/jvm/java-11-openjdk-amd64/lib/libmanagement.so
7f302000b000-7f302000c000 r-xp 00003000 08:03 8786395                    /usr/lib/jvm/java-11-openjdk-amd64/lib/libmanagement.so
7f302000c000-7f302000d000 r--p 00004000 08:03 8786395                    /usr/lib/jvm/java-11-openjdk-amd64/lib/libmanagement.so
7f302000d000-7f302000e000 r--p 00004000 08:03 8786395                    /usr/lib/jvm/java-11-openjdk-amd64/lib/libmanagement.so
7f302000e000-7f302000f000 rw-p 00005000 08:03 8786395                    /usr/lib/jvm/java-11-openjdk-amd64/lib/libmanagement.so
7f302000f000-7f3020013000 ---p 00000000 00:00 0 
7f3020013000-7f302010f000 rw-p 00000000 00:00 0 
7f302010f000-7f3020110000 ---p 00000000 00:00 0 
7f3020110000-7f3020b15000 rw-p 00000000 00:00 0 
7f3020b15000-7f3020b57000 rw-p 00000000 00:00 0 
7f3020b57000-7f3020b58000 ---p 00000000 00:00 0 
7f3020b58000-7f3020c59000 rw-p 00000000 00:00 0 
7f3020c59000-7f3020c5a000 ---p 00000000 00:00 0 
7f3020c5a000-7f3021361000 rw-p 00000000 00:00 0 
7f3021361000-7f3021362000 ---p 00000000 00:00 0 
7f3021362000-7f3021463000 rw-p 00000000 00:00 0 
7f3021463000-7f3021464000 ---p 00000000 00:00 0 
7f3021464000-7f3021622000 rw-p 00000000 00:00 0 
7f3021622000-7f30219b5000 ---p 00000000 00:00 0 
7f30219b5000-7f30219f4000 rw-p 00000000 00:00 0 
7f30219f4000-7f3021d87000 ---p 00000000 00:00 0 
7f3021d87000-7f3021dc6000 rw-p 00000000 00:00 0 
7f3021dc6000-7f3022159000 ---p 00000000 00:00 0 
7f3022159000-7f3022760000 rw-p 00000000 00:00 0 
7f3022760000-7f3022761000 ---p 00000000 00:00 0 
7f3022761000-7f3022867000 rw-p 00000000 00:00 0 
7f3022867000-7f302294d000 ---p 00000000 00:00 0 
7f302294d000-7f302295b000 rw-p 00000000 00:00 0 
7f302295b000-7f3022a38000 ---p 00000000 00:00 0 
7f3022a38000-7f3022a3d000 rw-p 00000000 00:00 0 
7f3022a3d000-7f3022a44000 ---p 00000000 00:00 0 
7f3022a44000-7f3022a46000 r--s 0000c000 08:03 8262501                    /usr/share/java/java-atk-wrapper.jar
7f3022a46000-7f3022a48000 r--p 00000000 08:03 8786408                    /usr/lib/jvm/java-11-openjdk-amd64/lib/libzip.so
7f3022a48000-7f3022a4d000 r-xp 00002000 08:03 8786408                    /usr/lib/jvm/java-11-openjdk-amd64/lib/libzip.so
7f3022a4d000-7f3022a4f000 r--p 00007000 08:03 8786408                    /usr/lib/jvm/java-11-openjdk-amd64/lib/libzip.so
7f3022a4f000-7f3022a50000 r--p 00008000 08:03 8786408                    /usr/lib/jvm/java-11-openjdk-amd64/lib/libzip.so
7f3022a50000-7f3022a51000 rw-p 00009000 08:03 8786408                    /usr/lib/jvm/java-11-openjdk-amd64/lib/libzip.so
7f3022a51000-7f3022a59000 rw-s 00000000 08:03 4456625                    /tmp/hsperfdata_eraser/1916103
7f3022a59000-7f3022a5a000 ---p 00000000 00:00 0 
7f3022a5a000-7f3022a5b000 r--p 00000000 00:00 0 
7f3022a5b000-7f3022a5d000 r--p 00000000 08:03 8786391                    /usr/lib/jvm/java-11-openjdk-amd64/lib/libjimage.so
7f3022a5d000-7f3022a60000 r-xp 00002000 08:03 8786391                    /usr/lib/jvm/java-11-openjdk-amd64/lib/libjimage.so
7f3022a60000-7f3022a61000 r--p 00005000 08:03 8786391                    /usr/lib/jvm/java-11-openjdk-amd64/lib/libjimage.so
7f3022a61000-7f3022a62000 ---p 00006000 08:03 8786391                    /usr/lib/jvm/java-11-openjdk-amd64/lib/libjimage.so
7f3022a62000-7f3022a63000 r--p 00006000 08:03 8786391                    /usr/lib/jvm/java-11-openjdk-amd64/lib/libjimage.so
7f3022a63000-7f3022a64000 rw-p 00007000 08:03 8786391                    /usr/lib/jvm/java-11-openjdk-amd64/lib/libjimage.so
7f3022a64000-7f3022a71000 r--p 00000000 08:03 8786388                    /usr/lib/jvm/java-11-openjdk-amd64/lib/libjava.so
7f3022a71000-7f3022a87000 r-xp 0000d000 08:03 8786388                    /usr/lib/jvm/java-11-openjdk-amd64/lib/libjava.so
7f3022a87000-7f3022a8e000 r--p 00023000 08:03 8786388                    /usr/lib/jvm/java-11-openjdk-amd64/lib/libjava.so
7f3022a8e000-7f3022a8f000 r--p 00029000 08:03 8786388                    /usr/lib/jvm/java-11-openjdk-amd64/lib/libjava.so
7f3022a8f000-7f3022a90000 rw-p 0002a000 08:03 8786388                    /usr/lib/jvm/java-11-openjdk-amd64/lib/libjava.so
7f3022a90000-7f3022a91000 rw-p 00000000 00:00 0 
7f3022a91000-7f3022a92000 r--p 00000000 08:03 7347155                    /usr/lib/x86_64-linux-gnu/librt.so.1
7f3022a92000-7f3022a93000 r-xp 00001000 08:03 7347155                    /usr/lib/x86_64-linux-gnu/librt.so.1
7f3022a93000-7f3022a94000 r--p 00002000 08:03 7347155                    /usr/lib/x86_64-linux-gnu/librt.so.1
7f3022a94000-7f3022a95000 r--p 00002000 08:03 7347155                    /usr/lib/x86_64-linux-gnu/librt.so.1
7f3022a95000-7f3022a96000 rw-p 00003000 08:03 7347155                    /usr/lib/x86_64-linux-gnu/librt.so.1
7f3022a96000-7f3022a9a000 ---p 00000000 00:00 0 
7f3022a9a000-7f3022b96000 rw-p 00000000 00:00 0 
7f3022b96000-7f3022b99000 r--p 00000000 08:03 7346483                    /usr/lib/x86_64-linux-gnu/libgcc_s.so.1
7f3022b99000-7f3022bb0000 r-xp 00003000 08:03 7346483                    /usr/lib/x86_64-linux-gnu/libgcc_s.so.1
7f3022bb0000-7f3022bb4000 r--p 0001a000 08:03 7346483                    /usr/lib/x86_64-linux-gnu/libgcc_s.so.1
7f3022bb4000-7f3022bb5000 r--p 0001d000 08:03 7346483                    /usr/lib/x86_64-linux-gnu/libgcc_s.so.1
7f3022bb5000-7f3022bb6000 rw-p 0001e000 08:03 7346483                    /usr/lib/x86_64-linux-gnu/libgcc_s.so.1
7f3022bb6000-7f3022bc4000 r--p 00000000 08:03 7346833                    /usr/lib/x86_64-linux-gnu/libm.so.6
7f3022bc4000-7f3022c40000 r-xp 0000e000 08:03 7346833                    /usr/lib/x86_64-linux-gnu/libm.so.6
7f3022c40000-7f3022c9b000 r--p 0008a000 08:03 7346833                    /usr/lib/x86_64-linux-gnu/libm.so.6
7f3022c9b000-7f3022c9c000 r--p 000e4000 08:03 7346833                    /usr/lib/x86_64-linux-gnu/libm.so.6
7f3022c9c000-7f3022c9d000 rw-p 000e5000 08:03 7346833                    /usr/lib/x86_64-linux-gnu/libm.so.6
7f3022c9d000-7f3022d37000 r--p 00000000 08:03 7347256                    /usr/lib/x86_64-linux-gnu/libstdc++.so.6.0.30
7f3022d37000-7f3022e48000 r-xp 0009a000 08:03 7347256                    /usr/lib/x86_64-linux-gnu/libstdc++.so.6.0.30
7f3022e48000-7f3022eb8000 r--p 001ab000 08:03 7347256                    /usr/lib/x86_64-linux-gnu/libstdc++.so.6.0.30
7f3022eb8000-7f3022ec3000 r--p 0021a000 08:03 7347256                    /usr/lib/x86_64-linux-gnu/libstdc++.so.6.0.30
7f3022ec3000-7f3022ec6000 rw-p 00225000 08:03 7347256                    /usr/lib/x86_64-linux-gnu/libstdc++.so.6.0.30
7f3022ec6000-7f3022ec9000 rw-p 00000000 00:00 0 
7f3022ec9000-7f302314b000 r--p 00000000 08:03 8786414                    /usr/lib/jvm/java-11-openjdk-amd64/lib/server/libjvm.so
7f302314b000-7f3023dda000 r-xp 00282000 08:03 8786414                    /usr/lib/jvm/java-11-openjdk-amd64/lib/server/libjvm.so
7f3023dda000-7f3024032000 r--p 00f11000 08:03 8786414                    /usr/lib/jvm/java-11-openjdk-amd64/lib/server/libjvm.so
7f3024032000-7f30240f6000 r--p 01168000 08:03 8786414                    /usr/lib/jvm/java-11-openjdk-amd64/lib/server/libjvm.so
7f30240f6000-7f3024131000 rw-p 0122c000 08:03 8786414                    /usr/lib/jvm/java-11-openjdk-amd64/lib/server/libjvm.so
7f3024131000-7f302418a000 rw-p 00000000 00:00 0 
7f302418a000-7f302418c000 r--p 00000000 08:03 7347521                    /usr/lib/x86_64-linux-gnu/libz.so.1.2.11
7f302418c000-7f302419d000 r-xp 00002000 08:03 7347521                    /usr/lib/x86_64-linux-gnu/libz.so.1.2.11
7f302419d000-7f30241a3000 r--p 00013000 08:03 7347521                    /usr/lib/x86_64-linux-gnu/libz.so.1.2.11
7f30241a3000-7f30241a4000 ---p 00019000 08:03 7347521                    /usr/lib/x86_64-linux-gnu/libz.so.1.2.11
7f30241a4000-7f30241a5000 r--p 00019000 08:03 7347521                    /usr/lib/x86_64-linux-gnu/libz.so.1.2.11
7f30241a5000-7f30241a6000 rw-p 0001a000 08:03 7347521                    /usr/lib/x86_64-linux-gnu/libz.so.1.2.11
7f30241a6000-7f30241ce000 r--p 00000000 08:03 7346184                    /usr/lib/x86_64-linux-gnu/libc.so.6
7f30241ce000-7f3024363000 r-xp 00028000 08:03 7346184                    /usr/lib/x86_64-linux-gnu/libc.so.6
7f3024363000-7f30243bb000 r--p 001bd000 08:03 7346184                    /usr/lib/x86_64-linux-gnu/libc.so.6
7f30243bb000-7f30243bf000 r--p 00214000 08:03 7346184                    /usr/lib/x86_64-linux-gnu/libc.so.6
7f30243bf000-7f30243c1000 rw-p 00218000 08:03 7346184                    /usr/lib/x86_64-linux-gnu/libc.so.6
7f30243c1000-7f30243ce000 rw-p 00000000 00:00 0 
7f30243ce000-7f30243d3000 r--p 00000000 08:03 8786407                    /usr/lib/jvm/java-11-openjdk-amd64/lib/libverify.so
7f30243d3000-7f30243da000 r-xp 00005000 08:03 8786407                    /usr/lib/jvm/java-11-openjdk-amd64/lib/libverify.so
7f30243da000-7f30243dc000 r--p 0000c000 08:03 8786407                    /usr/lib/jvm/java-11-openjdk-amd64/lib/libverify.so
7f30243dc000-7f30243de000 r--p 0000d000 08:03 8786407                    /usr/lib/jvm/java-11-openjdk-amd64/lib/libverify.so
7f30243de000-7f30243df000 rw-p 0000f000 08:03 8786407                    /usr/lib/jvm/java-11-openjdk-amd64/lib/libverify.so
7f30243df000-7f30243e2000 r--p 00000000 08:03 8786373                    /usr/lib/jvm/java-11-openjdk-amd64/lib/jli/libjli.so
7f30243e2000-7f30243ec000 r-xp 00003000 08:03 8786373                    /usr/lib/jvm/java-11-openjdk-amd64/lib/jli/libjli.so
7f30243ec000-7f30243ef000 r--p 0000d000 08:03 8786373                    /usr/lib/jvm/java-11-openjdk-amd64/lib/jli/libjli.so
7f30243ef000-7f30243f0000 ---p 00010000 08:03 8786373                    /usr/lib/jvm/java-11-openjdk-amd64/lib/jli/libjli.so
7f30243f0000-7f30243f1000 r--p 00010000 08:03 8786373                    /usr/lib/jvm/java-11-openjdk-amd64/lib/jli/libjli.so
7f30243f1000-7f30243f2000 rw-p 00011000 08:03 8786373                    /usr/lib/jvm/java-11-openjdk-amd64/lib/jli/libjli.so
7f30243f2000-7f30243f4000 rw-p 00000000 00:00 0 
7f30243f4000-7f30243f6000 r--p 00000000 08:03 7345849                    /usr/lib/x86_64-linux-gnu/ld-linux-x86-64.so.2
7f30243f6000-7f3024420000 r-xp 00002000 08:03 7345849                    /usr/lib/x86_64-linux-gnu/ld-linux-x86-64.so.2
7f3024420000-7f302442b000 r--p 0002c000 08:03 7345849                    /usr/lib/x86_64-linux-gnu/ld-linux-x86-64.so.2
7f302442b000-7f302442c000 r--s 00000000 08:03 2228341                    /home/eraser/projects/osrm-backend/data/south-korea-latest.osrm.tld
7f302442c000-7f302442e000 r--p 00037000 08:03 7345849                    /usr/lib/x86_64-linux-gnu/ld-linux-x86-64.so.2
7f302442e000-7f3024430000 rw-p 00039000 08:03 7345849                    /usr/lib/x86_64-linux-gnu/ld-linux-x86-64.so.2
7fffbb231000-7fffbb253000 rw-p 00000000 00:00 0                          [stack]
7fffbb2a0000-7fffbb2a4000 r--p 00000000 00:00 0                          [vvar]
7fffbb2a4000-7fffbb2a6000 r-xp 00000000 00:00 0                          [vdso]
ffffffffff600000-ffffffffff601000 --xp 00000000 00:00 0                  [vsyscall]


VM Arguments:
jvm_args: -Dfile.encoding=UTF-8 
java_command: com.eraser.jniosrm.JniosrmApplication
java_class_path (initial): /home/eraser/projects/jniosrm/bin/main:/home/eraser/.gradle/caches/modules-2/files-2.1/org.projectlombok/lombok/1.18.24/13a394eed5c4f9efb2a6d956e2086f1d81e857d9/lombok-1.18.24.jar:/home/eraser/.gradle/caches/modules-2/files-2.1/org.springframework.boot/spring-boot-starter-web/2.6.9-SNAPSHOT/db1e7a767daad133bdc23b07c5dd1dea8b0cee4a/spring-boot-starter-web-2.6.9-SNAPSHOT.jar:/home/eraser/.gradle/caches/modules-2/files-2.1/org.springframework.boot/spring-boot-starter-json/2.6.9-SNAPSHOT/f827cff3403b85567ccce997a68f79cc5ae27a49/spring-boot-starter-json-2.6.9-SNAPSHOT.jar:/home/eraser/.gradle/caches/modules-2/files-2.1/org.springframework.boot/spring-boot-starter/2.6.9-SNAPSHOT/8439d0292047a8f2a3617e595e5a2b788be24f15/spring-boot-starter-2.6.9-SNAPSHOT.jar:/home/eraser/.gradle/caches/modules-2/files-2.1/org.springframework.boot/spring-boot-starter-tomcat/2.6.9-SNAPSHOT/edcdc6b8217f2bb07dce453b878ef37901b9f77f/spring-boot-starter-tomcat-2.6.9-SNAPSHOT.jar:/home/eraser/.gradle/caches/modules-2/files-2.1/org.springframework/spring-webmvc/5.3.20/8ac1b72a1f5c41fdc2cb3340cd94f795af260301/spring-webmvc-5.3.20.jar:/home/eraser/.gradle/caches/modules-2/files-2.1/org.springframework/spring-web/5.3.20/3c2fe9363760d62d5b7c9f087bb4255e3377a0b2/spring-web-5.3.20.jar:/home/eraser/.gradle/caches/modules-2/files-2.1/org.springframework.boot/spring-boot-autoconfigure/2.6.9-SNAPSHOT/eae1b662eaa637a6391b21680f43b462ac638633/spring-boot-autoconfigure-2.6.9-SNAPSHOT.jar:/home/eraser/.gradle/caches/modules-2/files-2.1/org.springframework.boot/spring-boot/2.6.9-SNAPSHOT/3cd7c30fa5b9186dc1ca7945af89c629683a6f90/spring-boot-2.6.9-SNAPSHOT.jar:/home/eraser/.gradle/caches/modules-2/files-2.1/org.springframework.boot/spring-boot-starter-logging/2.6.9-SNAPSHOT/19b92c7217126e6794e286663f1e1d537f2c93c1/spring-boot-starter-logging-2.6.9-SNAPSHOT.jar:/home/eraser/.gradle/caches/modules-2/files-2.1/jakarta.annotation/jakarta.annotation-api/1.3.5/59eb84ee0d616332ff44aba065f3888
Launcher Type: SUN_STANDARD

[Global flags]
     intx CICompilerCount                          = 3                                         {product} {ergonomic}
     uint ConcGCThreads                            = 2                                         {product} {ergonomic}
     uint G1ConcRefinementThreads                  = 6                                         {product} {ergonomic}
   size_t G1HeapRegionSize                         = 1048576                                   {product} {ergonomic}
    uintx GCDrainStackTargetSize                   = 64                                        {product} {ergonomic}
   size_t InitialHeapSize                          = 130023424                                 {product} {ergonomic}
   size_t MarkStackSize                            = 4194304                                   {product} {ergonomic}
   size_t MaxHeapSize                              = 2051014656                                {product} {ergonomic}
   size_t MaxNewSize                               = 1229979648                                {product} {ergonomic}
   size_t MinHeapDeltaBytes                        = 1048576                                   {product} {ergonomic}
    uintx NonNMethodCodeHeapSize                   = 5830732                                {pd product} {ergonomic}
    uintx NonProfiledCodeHeapSize                  = 122913754                              {pd product} {ergonomic}
    uintx ProfiledCodeHeapSize                     = 122913754                              {pd product} {ergonomic}
    uintx ReservedCodeCacheSize                    = 251658240                              {pd product} {ergonomic}
     bool SegmentedCodeCache                       = true                                      {product} {ergonomic}
     bool UseCompressedClassPointers               = true                                 {lp64_product} {ergonomic}
     bool UseCompressedOops                        = true                                 {lp64_product} {ergonomic}
     bool UseG1GC                                  = true                                      {product} {ergonomic}

Logging:
Log output configuration:
 #0: stdout all=warning uptime,level,tags
 #1: stderr all=off uptime,level,tags

Environment Variables:
JAVA_HOME=/usr/lib/jvm/java-11-openjdk-amd64
PATH=/home/eraser/.vscode-server/bin/da15b6fd3ef856477bf6f4fb29ba1b7af717770d/bin/remote-cli:/usr/local/sbin:/usr/local/bin:/usr/sbin:/usr/bin:/sbin:/bin:/usr/games:/usr/local/games:/snap/bin
SHELL=/bin/bash
LANG=ko_KR.UTF-8

Signal Handlers:
SIGSEGV: [libjvm.so+0xe9f520], sa_mask[0]=11111111011111111101111111111110, sa_flags=SA_RESTART|SA_SIGINFO
SIGBUS: [libjvm.so+0xe9f520], sa_mask[0]=11111111011111111101111111111110, sa_flags=SA_RESTART|SA_SIGINFO
SIGFPE: [libjvm.so+0xe9f520], sa_mask[0]=11111111011111111101111111111110, sa_flags=SA_RESTART|SA_SIGINFO
SIGPIPE: [libjvm.so+0xbe3e50], sa_mask[0]=11111111011111111101111111111110, sa_flags=SA_RESTART|SA_SIGINFO
SIGXFSZ: [libjvm.so+0xbe3e50], sa_mask[0]=11111111011111111101111111111110, sa_flags=SA_RESTART|SA_SIGINFO
SIGILL: [libjvm.so+0xe9f520], sa_mask[0]=11111111011111111101111111111110, sa_flags=SA_RESTART|SA_SIGINFO
SIGUSR2: [libjvm.so+0xbe3cf0], sa_mask[0]=00100000000000000000000000000000, sa_flags=SA_RESTART|SA_SIGINFO
SIGHUP: [libjvm.so+0xbe4280], sa_mask[0]=11111111011111111101111111111110, sa_flags=SA_RESTART|SA_SIGINFO
SIGINT: [libjvm.so+0xbe4280], sa_mask[0]=11111111011111111101111111111110, sa_flags=SA_RESTART|SA_SIGINFO
SIGTERM: [libjvm.so+0xbe4280], sa_mask[0]=11111111011111111101111111111110, sa_flags=SA_RESTART|SA_SIGINFO
SIGQUIT: [libjvm.so+0xbe4280], sa_mask[0]=11111111011111111101111111111110, sa_flags=SA_RESTART|SA_SIGINFO


---------------  S Y S T E M  ---------------

OS:DISTRIB_ID=Ubuntu
DISTRIB_RELEASE=22.04
DISTRIB_CODENAME=jammy
DISTRIB_DESCRIPTION="Ubuntu 22.04 LTS"
uname:Linux 5.15.0-30-generic #31-Ubuntu SMP Thu May 5 10:00:34 UTC 2022 x86_64
OS uptime: 17 days 23:38 hours
libc:glibc 2.35 NPTL 2.35 
rlimit (soft/hard): STACK 8192k/infinity , CORE 0k/infinity , NPROC 31015/31015 , NOFILE 1048576/1048576 , AS infinity/infinity , CPU infinity/infinity , DATA infinity/infinity , FSIZE infinity/infinity , MEMLOCK 1001132k/1001132k
load average:0.10 0.08 0.16

/proc/meminfo:
MemTotal:        8009072 kB
MemFree:          286148 kB
MemAvailable:    2455516 kB
Buffers:           74164 kB
Cached:          2668964 kB
SwapCached:        81224 kB
Active:          2162840 kB
Inactive:        4949860 kB
Active(anon):     950656 kB
Inactive(anon):  3850196 kB
Active(file):    1212184 kB
Inactive(file):  1099664 kB
Unevictable:      110448 kB
Mlocked:               0 kB
SwapTotal:       2097148 kB
SwapFree:         721404 kB
Dirty:               272 kB
Writeback:             0 kB
AnonPages:       4398964 kB
Mapped:           292420 kB
Shmem:            431272 kB
KReclaimable:     154732 kB
Slab:             311020 kB
SReclaimable:     154732 kB
SUnreclaim:       156288 kB
KernelStack:       22720 kB
PageTables:        62296 kB
NFS_Unstable:          0 kB
Bounce:                0 kB
WritebackTmp:          0 kB
CommitLimit:     6101684 kB
Committed_AS:   12467128 kB
VmallocTotal:   34359738367 kB
VmallocUsed:       43332 kB
VmallocChunk:          0 kB
Percpu:             9984 kB
HardwareCorrupted:     0 kB
AnonHugePages:         0 kB
ShmemHugePages:        0 kB
ShmemPmdMapped:        0 kB
FileHugePages:         0 kB
FilePmdMapped:         0 kB
HugePages_Total:       0
HugePages_Free:        0
HugePages_Rsvd:        0
HugePages_Surp:        0
Hugepagesize:       2048 kB
Hugetlb:               0 kB
DirectMap4k:      760768 kB
DirectMap2M:     6447104 kB
DirectMap1G:     1048576 kB

/sys/kernel/mm/transparent_hugepage/enabled:
always [madvise] never
/sys/kernel/mm/transparent_hugepage/defrag (defrag/compaction efforts parameter):
always defer defer+madvise [madvise] never

Process Memory:
Virtual Size: 6962928K (peak: 13437780K)
Resident Set Size: 244376K (peak: 244376K) (anon: 194928K, file: 49448K, shmem: 0K)
Swapped out: 0K
C-Heap outstanding allocations: 25128K

/proc/sys/kernel/threads-max (system-wide limit on the number of threads):
62031
/proc/sys/vm/max_map_count (maximum number of memory map areas a process may have):
65530
/proc/sys/kernel/pid_max (system-wide limit on number of process identifiers):
4194304

Steal ticks since vm start: 0
Steal ticks percentage since vm start:  0.000

CPU:total 6 (initial active 6) (6 cores per cpu, 1 threads per core) family 6 model 158 stepping 10 microcode 0xea, cmov, cx8, fxsr, mmx, sse, sse2, sse3, ssse3, sse4.1, sse4.2, popcnt, avx, avx2, aes, clmul, erms, 3dnowpref, lzcnt, tsc, tscinvbit, bmi1, bmi2, adx, fma
CPU Model and flags from /proc/cpuinfo:
model name	: Intel(R) Core(TM) i5-9500 CPU @ 3.00GHz
flags		: fpu vme de pse tsc msr pae mce cx8 apic sep mtrr pge mca cmov pat pse36 clflush dts acpi mmx fxsr sse sse2 ss ht tm pbe syscall nx pdpe1gb rdtscp lm constant_tsc art arch_perfmon pebs bts rep_good nopl xtopology nonstop_tsc cpuid aperfmperf pni pclmulqdq dtes64 monitor ds_cpl vmx smx est tm2 ssse3 sdbg fma cx16 xtpr pdcm pcid sse4_1 sse4_2 x2apic movbe popcnt tsc_deadline_timer aes xsave avx f16c rdrand lahf_lm abm 3dnowprefetch cpuid_fault invpcid_single pti ssbd ibrs ibpb stibp tpr_shadow vnmi flexpriority ept vpid ept_ad fsgsbase tsc_adjust bmi1 avx2 smep bmi2 erms invpcid mpx rdseed adx smap clflushopt intel_pt xsaveopt xsavec xgetbv1 xsaves dtherm ida arat pln pts hwp hwp_notify hwp_act_window hwp_epp md_clear flush_l1d
Online cpus:
0-5
Offline cpus:

BIOS frequency limitation:
<Not Available>
Frequency switch latency (ns):
0
Available cpu frequencies:
<Not Available>
Current governor:
powersave
Core performance/turbo boost:
<Not Available>

Memory: 4k page, physical 8009072k(285896k free), swap 2097148k(721404k free)

vm_info: OpenJDK 64-Bit Server VM (11.0.15+10-Ubuntu-0ubuntu0.22.04.1) for linux-amd64 JRE (11.0.15+10-Ubuntu-0ubuntu0.22.04.1), built on Apr 22 2022 13:06:53 by "unknown" with gcc 11.2.0

END.
